<?xml version="1.0" encoding="UTF-8" ?>
<testsuite tests="2" failures="0" name="uy.gub.dgi.rest.RestIT" time="92.118" errors="2" skipped="0">
  <properties>
[...]
</properties>
  <testcase classname="uy.gub.dgi.rest.RestIT" name="test1" time="46.363">
    <error message="Failed to connect to binary FirefoxBinary(C:\Program Files (x86)\Mozilla Firefox\firefox.exe) on port 7055; process output follows: 
RL&quot;:null,&quot;icon64URL&quot;:null,&quot;defaultLocale&quot;:{&quot;name&quot;:&quot;Default&quot;,&quot;description&quot;:&quot;The default theme.&quot;,&quot;creator&quot;:&quot;Mozilla&quot;,&quot;homepageURL&quot;:null,&quot;contributors&quot;:[&quot;Mozilla Contributors&quot;]},&quot;visible&quot;:true,&quot;active&quot;:true,&quot;userDisabled&quot;:false,&quot;appDisabled&quot;:false,&quot;descriptor&quot;:&quot;C:\\Program Files (x86)\\Mozilla Firefox\\browser\\extensions\\{972ce4c6-7e08-4474-a285-3208198ce6fd}.xpi&quot;,&quot;installDate&quot;:1480940336517,&quot;updateDate&quot;:1480940336517,&quot;applyBackgroundUpdates&quot;:1,&quot;skinnable&quot;:true,&quot;size&quot;:21152,&quot;sourceURI&quot;:null,&quot;releaseNotesURI&quot;:null,&quot;softDisabled&quot;:false,&quot;foreignInstall&quot;:false,&quot;hasBinaryComponents&quot;:false,&quot;strictCompatibility&quot;:true,&quot;locales&quot;:[],&quot;targetApplications&quot;:[{&quot;id&quot;:&quot;{ec8030f7-c20a-464f-9b0e-13a3a9e97384}&quot;,&quot;minVersion&quot;:&quot;50.0.2&quot;,&quot;maxVersion&quot;:&quot;50.0.2&quot;}],&quot;targetPlatforms&quot;:[],&quot;seen&quot;:true}
1482418485217	addons.xpi	DEBUG	getModTime: Recursive scan of {972ce4c6-7e08-4474-a285-3208198ce6fd}
1482418485218	DeferredSave.extensions.json	DEBUG	Save changes
1482418485218	addons.xpi	DEBUG	Updating database with changes to installed add-ons
1482418485218	addons.xpi-utils	DEBUG	Updating add-on states
1482418485219	addons.xpi-utils	DEBUG	Writing add-ons list
1482418485221	addons.xpi	DEBUG	Registering manifest for C:\Program Files (x86)\Mozilla Firefox\browser\features\aushelper@mozilla.org.xpi
1482418485222	addons.xpi	DEBUG	Calling bootstrap method startup on aushelper@mozilla.org version 1.0
1482418485223	addons.xpi	DEBUG	Registering manifest for C:\Program Files (x86)\Mozilla Firefox\browser\features\e10srollout@mozilla.org.xpi
1482418485223	addons.xpi	DEBUG	Calling bootstrap method startup on e10srollout@mozilla.org version 1.5
1482418485223	addons.xpi	DEBUG	Registering manifest for C:\Program Files (x86)\Mozilla Firefox\browser\features\firefox@getpocket.com.xpi
1482418485224	addons.xpi	DEBUG	Calling bootstrap method startup on firefox@getpocket.com version 1.0.5
1482418485225	addons.xpi	DEBUG	Registering manifest for C:\Program Files (x86)\Mozilla Firefox\browser\features\webcompat@mozilla.org.xpi
1482418485225	addons.xpi	DEBUG	Calling bootstrap method startup on webcompat@mozilla.org version 1.0
1482418485226	addons.manager	DEBUG	Registering shutdown blocker for XPIProvider
1482418485226	addons.manager	DEBUG	Provider finished startup: XPIProvider
1482418485227	addons.manager	DEBUG	Starting provider: LightweightThemeManager
1482418485227	addons.manager	DEBUG	Registering shutdown blocker for LightweightThemeManager
1482418485227	addons.manager	DEBUG	Provider finished startup: LightweightThemeManager
1482418485228	addons.manager	DEBUG	Starting provider: GMPProvider
1482418485235	addons.manager	DEBUG	Registering shutdown blocker for GMPProvider
1482418485236	addons.manager	DEBUG	Provider finished startup: GMPProvider
1482418485236	addons.manager	DEBUG	Starting provider: PluginProvider
1482418485236	addons.manager	DEBUG	Registering shutdown blocker for PluginProvider
1482418485236	addons.manager	DEBUG	Provider finished startup: PluginProvider
1482418485237	addons.manager	DEBUG	Completed startup sequence
1482418486839	addons.manager	DEBUG	Starting provider: &lt;unnamed-provider&gt;
1482418486839	addons.manager	DEBUG	Registering shutdown blocker for &lt;unnamed-provider&gt;
1482418486839	addons.manager	DEBUG	Provider finished startup: &lt;unnamed-provider&gt;
1482418486841	DeferredSave.extensions.json	DEBUG	Starting write
1482418486969	addons.repository	DEBUG	No addons.json found.
1482418486969	DeferredSave.addons.json	DEBUG	Save changes
1482418486972	DeferredSave.addons.json	DEBUG	Starting timer
1482418486998	addons.manager	DEBUG	Starting provider: PreviousExperimentProvider
1482418486998	addons.manager	DEBUG	Registering shutdown blocker for PreviousExperimentProvider
1482418486999	addons.manager	DEBUG	Provider finished startup: PreviousExperimentProvider
1482418487000	DeferredSave.extensions.json	DEBUG	Write succeeded
1482418487001	addons.xpi-utils	DEBUG	XPI Database saved, setting schema version preference to 17
1482418487025	DeferredSave.addons.json	DEBUG	Starting write
1482418487034	DeferredSave.addons.json	DEBUG	Write succeeded

Build info: version: &apos;2.48.2&apos;, revision: &apos;41bccdd10cf2c0560f637404c2d96164b67d9d67&apos;, time: &apos;2015-10-09 13:08:06&apos;
System info: host: &apos;INF020000010178&apos;, ip: &apos;192.168.184.170&apos;, os.name: &apos;Windows 10&apos;, os.arch: &apos;x86&apos;, os.version: &apos;10.0&apos;, java.version: &apos;1.8.0_66&apos;
Driver info: driver.version: FirefoxDriver" type="org.openqa.selenium.WebDriverException">org.openqa.selenium.WebDriverException: Failed to connect to binary FirefoxBinary(C:\Program Files (x86)\Mozilla Firefox\firefox.exe) on port 7055; process output follows: 
RL&quot;:null,&quot;icon64URL&quot;:null,&quot;defaultLocale&quot;:{&quot;name&quot;:&quot;Default&quot;,&quot;description&quot;:&quot;The default theme.&quot;,&quot;creator&quot;:&quot;Mozilla&quot;,&quot;homepageURL&quot;:null,&quot;contributors&quot;:[&quot;Mozilla Contributors&quot;]},&quot;visible&quot;:true,&quot;active&quot;:true,&quot;userDisabled&quot;:false,&quot;appDisabled&quot;:false,&quot;descriptor&quot;:&quot;C:\\Program Files (x86)\\Mozilla Firefox\\browser\\extensions\\{972ce4c6-7e08-4474-a285-3208198ce6fd}.xpi&quot;,&quot;installDate&quot;:1480940336517,&quot;updateDate&quot;:1480940336517,&quot;applyBackgroundUpdates&quot;:1,&quot;skinnable&quot;:true,&quot;size&quot;:21152,&quot;sourceURI&quot;:null,&quot;releaseNotesURI&quot;:null,&quot;softDisabled&quot;:false,&quot;foreignInstall&quot;:false,&quot;hasBinaryComponents&quot;:false,&quot;strictCompatibility&quot;:true,&quot;locales&quot;:[],&quot;targetApplications&quot;:[{&quot;id&quot;:&quot;{ec8030f7-c20a-464f-9b0e-13a3a9e97384}&quot;,&quot;minVersion&quot;:&quot;50.0.2&quot;,&quot;maxVersion&quot;:&quot;50.0.2&quot;}],&quot;targetPlatforms&quot;:[],&quot;seen&quot;:true}
1482418485217	addons.xpi	DEBUG	getModTime: Recursive scan of {972ce4c6-7e08-4474-a285-3208198ce6fd}
1482418485218	DeferredSave.extensions.json	DEBUG	Save changes
1482418485218	addons.xpi	DEBUG	Updating database with changes to installed add-ons
1482418485218	addons.xpi-utils	DEBUG	Updating add-on states
1482418485219	addons.xpi-utils	DEBUG	Writing add-ons list
1482418485221	addons.xpi	DEBUG	Registering manifest for C:\Program Files (x86)\Mozilla Firefox\browser\features\aushelper@mozilla.org.xpi
1482418485222	addons.xpi	DEBUG	Calling bootstrap method startup on aushelper@mozilla.org version 1.0
1482418485223	addons.xpi	DEBUG	Registering manifest for C:\Program Files (x86)\Mozilla Firefox\browser\features\e10srollout@mozilla.org.xpi
1482418485223	addons.xpi	DEBUG	Calling bootstrap method startup on e10srollout@mozilla.org version 1.5
1482418485223	addons.xpi	DEBUG	Registering manifest for C:\Program Files (x86)\Mozilla Firefox\browser\features\firefox@getpocket.com.xpi
1482418485224	addons.xpi	DEBUG	Calling bootstrap method startup on firefox@getpocket.com version 1.0.5
1482418485225	addons.xpi	DEBUG	Registering manifest for C:\Program Files (x86)\Mozilla Firefox\browser\features\webcompat@mozilla.org.xpi
1482418485225	addons.xpi	DEBUG	Calling bootstrap method startup on webcompat@mozilla.org version 1.0
1482418485226	addons.manager	DEBUG	Registering shutdown blocker for XPIProvider
1482418485226	addons.manager	DEBUG	Provider finished startup: XPIProvider
1482418485227	addons.manager	DEBUG	Starting provider: LightweightThemeManager
1482418485227	addons.manager	DEBUG	Registering shutdown blocker for LightweightThemeManager
1482418485227	addons.manager	DEBUG	Provider finished startup: LightweightThemeManager
1482418485228	addons.manager	DEBUG	Starting provider: GMPProvider
1482418485235	addons.manager	DEBUG	Registering shutdown blocker for GMPProvider
1482418485236	addons.manager	DEBUG	Provider finished startup: GMPProvider
1482418485236	addons.manager	DEBUG	Starting provider: PluginProvider
1482418485236	addons.manager	DEBUG	Registering shutdown blocker for PluginProvider
1482418485236	addons.manager	DEBUG	Provider finished startup: PluginProvider
1482418485237	addons.manager	DEBUG	Completed startup sequence
1482418486839	addons.manager	DEBUG	Starting provider: &lt;unnamed-provider&gt;
1482418486839	addons.manager	DEBUG	Registering shutdown blocker for &lt;unnamed-provider&gt;
1482418486839	addons.manager	DEBUG	Provider finished startup: &lt;unnamed-provider&gt;
1482418486841	DeferredSave.extensions.json	DEBUG	Starting write
1482418486969	addons.repository	DEBUG	No addons.json found.
1482418486969	DeferredSave.addons.json	DEBUG	Save changes
1482418486972	DeferredSave.addons.json	DEBUG	Starting timer
1482418486998	addons.manager	DEBUG	Starting provider: PreviousExperimentProvider
1482418486998	addons.manager	DEBUG	Registering shutdown blocker for PreviousExperimentProvider
1482418486999	addons.manager	DEBUG	Provider finished startup: PreviousExperimentProvider
1482418487000	DeferredSave.extensions.json	DEBUG	Write succeeded
1482418487001	addons.xpi-utils	DEBUG	XPI Database saved, setting schema version preference to 17
1482418487025	DeferredSave.addons.json	DEBUG	Starting write
1482418487034	DeferredSave.addons.json	DEBUG	Write succeeded

Build info: version: &apos;2.48.2&apos;, revision: &apos;41bccdd10cf2c0560f637404c2d96164b67d9d67&apos;, time: &apos;2015-10-09 13:08:06&apos;
System info: host: &apos;INF020000010178&apos;, ip: &apos;192.168.184.170&apos;, os.name: &apos;Windows 10&apos;, os.arch: &apos;x86&apos;, os.version: &apos;10.0&apos;, java.version: &apos;1.8.0_66&apos;
Driver info: driver.version: FirefoxDriver
	at org.openqa.selenium.firefox.internal.NewProfileExtensionConnection.start(NewProfileExtensionConnection.java:135)
	at org.openqa.selenium.firefox.FirefoxDriver.startClient(FirefoxDriver.java:271)
	at org.openqa.selenium.remote.RemoteWebDriver.&lt;init&gt;(RemoteWebDriver.java:117)
	at org.openqa.selenium.firefox.FirefoxDriver.&lt;init&gt;(FirefoxDriver.java:216)
	at org.openqa.selenium.firefox.FirefoxDriver.&lt;init&gt;(FirefoxDriver.java:211)
	at org.openqa.selenium.firefox.FirefoxDriver.&lt;init&gt;(FirefoxDriver.java:207)
	at org.openqa.selenium.firefox.FirefoxDriver.&lt;init&gt;(FirefoxDriver.java:120)
	at uy.gub.dgi.rest.RestIT.setUp(RestIT.java:37)
	at junit.framework.TestCase.runBare(TestCase.java:139)
	at junit.framework.TestResult$1.protect(TestResult.java:122)
	at junit.framework.TestResult.runProtected(TestResult.java:142)
	at junit.framework.TestResult.run(TestResult.java:125)
	at junit.framework.TestCase.run(TestCase.java:129)
	at junit.framework.TestSuite.runTest(TestSuite.java:252)
	at junit.framework.TestSuite.run(TestSuite.java:247)
	at org.junit.internal.runners.JUnit38ClassRunner.run(JUnit38ClassRunner.java:86)
	at org.apache.maven.surefire.junit4.JUnit4Provider.execute(JUnit4Provider.java:236)
	at org.apache.maven.surefire.junit4.JUnit4Provider.executeTestSet(JUnit4Provider.java:134)
	at org.apache.maven.surefire.junit4.JUnit4Provider.invoke(JUnit4Provider.java:113)
	at sun.reflect.NativeMethodAccessorImpl.invoke0(Native Method)
	at sun.reflect.NativeMethodAccessorImpl.invoke(NativeMethodAccessorImpl.java:62)
	at sun.reflect.DelegatingMethodAccessorImpl.invoke(DelegatingMethodAccessorImpl.java:43)
	at java.lang.reflect.Method.invoke(Method.java:497)
	at org.apache.maven.surefire.util.ReflectionUtils.invokeMethodWithArray(ReflectionUtils.java:189)
	at org.apache.maven.surefire.booter.ProviderFactory$ProviderProxy.invoke(ProviderFactory.java:165)
	at org.apache.maven.surefire.booter.ProviderFactory.invokeProvider(ProviderFactory.java:85)
	at org.apache.maven.surefire.booter.ForkedBooter.runSuitesInProcess(ForkedBooter.java:103)
	at org.apache.maven.surefire.booter.ForkedBooter.main(ForkedBooter.java:74)
Caused by: org.openqa.selenium.firefox.NotConnectedException: Unable to connect to host 127.0.0.1 on port 7055 after 45000 ms. Firefox console output:
RL&quot;:null,&quot;icon64URL&quot;:null,&quot;defaultLocale&quot;:{&quot;name&quot;:&quot;Default&quot;,&quot;description&quot;:&quot;The default theme.&quot;,&quot;creator&quot;:&quot;Mozilla&quot;,&quot;homepageURL&quot;:null,&quot;contributors&quot;:[&quot;Mozilla Contributors&quot;]},&quot;visible&quot;:true,&quot;active&quot;:true,&quot;userDisabled&quot;:false,&quot;appDisabled&quot;:false,&quot;descriptor&quot;:&quot;C:\\Program Files (x86)\\Mozilla Firefox\\browser\\extensions\\{972ce4c6-7e08-4474-a285-3208198ce6fd}.xpi&quot;,&quot;installDate&quot;:1480940336517,&quot;updateDate&quot;:1480940336517,&quot;applyBackgroundUpdates&quot;:1,&quot;skinnable&quot;:true,&quot;size&quot;:21152,&quot;sourceURI&quot;:null,&quot;releaseNotesURI&quot;:null,&quot;softDisabled&quot;:false,&quot;foreignInstall&quot;:false,&quot;hasBinaryComponents&quot;:false,&quot;strictCompatibility&quot;:true,&quot;locales&quot;:[],&quot;targetApplications&quot;:[{&quot;id&quot;:&quot;{ec8030f7-c20a-464f-9b0e-13a3a9e97384}&quot;,&quot;minVersion&quot;:&quot;50.0.2&quot;,&quot;maxVersion&quot;:&quot;50.0.2&quot;}],&quot;targetPlatforms&quot;:[],&quot;seen&quot;:true}
1482418485217	addons.xpi	DEBUG	getModTime: Recursive scan of {972ce4c6-7e08-4474-a285-3208198ce6fd}
1482418485218	DeferredSave.extensions.json	DEBUG	Save changes
1482418485218	addons.xpi	DEBUG	Updating database with changes to installed add-ons
1482418485218	addons.xpi-utils	DEBUG	Updating add-on states
1482418485219	addons.xpi-utils	DEBUG	Writing add-ons list
1482418485221	addons.xpi	DEBUG	Registering manifest for C:\Program Files (x86)\Mozilla Firefox\browser\features\aushelper@mozilla.org.xpi
1482418485222	addons.xpi	DEBUG	Calling bootstrap method startup on aushelper@mozilla.org version 1.0
1482418485223	addons.xpi	DEBUG	Registering manifest for C:\Program Files (x86)\Mozilla Firefox\browser\features\e10srollout@mozilla.org.xpi
1482418485223	addons.xpi	DEBUG	Calling bootstrap method startup on e10srollout@mozilla.org version 1.5
1482418485223	addons.xpi	DEBUG	Registering manifest for C:\Program Files (x86)\Mozilla Firefox\browser\features\firefox@getpocket.com.xpi
1482418485224	addons.xpi	DEBUG	Calling bootstrap method startup on firefox@getpocket.com version 1.0.5
1482418485225	addons.xpi	DEBUG	Registering manifest for C:\Program Files (x86)\Mozilla Firefox\browser\features\webcompat@mozilla.org.xpi
1482418485225	addons.xpi	DEBUG	Calling bootstrap method startup on webcompat@mozilla.org version 1.0
1482418485226	addons.manager	DEBUG	Registering shutdown blocker for XPIProvider
1482418485226	addons.manager	DEBUG	Provider finished startup: XPIProvider
1482418485227	addons.manager	DEBUG	Starting provider: LightweightThemeManager
1482418485227	addons.manager	DEBUG	Registering shutdown blocker for LightweightThemeManager
1482418485227	addons.manager	DEBUG	Provider finished startup: LightweightThemeManager
1482418485228	addons.manager	DEBUG	Starting provider: GMPProvider
1482418485235	addons.manager	DEBUG	Registering shutdown blocker for GMPProvider
1482418485236	addons.manager	DEBUG	Provider finished startup: GMPProvider
1482418485236	addons.manager	DEBUG	Starting provider: PluginProvider
1482418485236	addons.manager	DEBUG	Registering shutdown blocker for PluginProvider
1482418485236	addons.manager	DEBUG	Provider finished startup: PluginProvider
1482418485237	addons.manager	DEBUG	Completed startup sequence
1482418486839	addons.manager	DEBUG	Starting provider: &lt;unnamed-provider&gt;
1482418486839	addons.manager	DEBUG	Registering shutdown blocker for &lt;unnamed-provider&gt;
1482418486839	addons.manager	DEBUG	Provider finished startup: &lt;unnamed-provider&gt;
1482418486841	DeferredSave.extensions.json	DEBUG	Starting write
1482418486969	addons.repository	DEBUG	No addons.json found.
1482418486969	DeferredSave.addons.json	DEBUG	Save changes
1482418486972	DeferredSave.addons.json	DEBUG	Starting timer
1482418486998	addons.manager	DEBUG	Starting provider: PreviousExperimentProvider
1482418486998	addons.manager	DEBUG	Registering shutdown blocker for PreviousExperimentProvider
1482418486999	addons.manager	DEBUG	Provider finished startup: PreviousExperimentProvider
1482418487000	DeferredSave.extensions.json	DEBUG	Write succeeded
1482418487001	addons.xpi-utils	DEBUG	XPI Database saved, setting schema version preference to 17
1482418487025	DeferredSave.addons.json	DEBUG	Starting write
1482418487034	DeferredSave.addons.json	DEBUG	Write succeeded

	at org.openqa.selenium.firefox.internal.NewProfileExtensionConnection.start(NewProfileExtensionConnection.java:123)
	... 27 more
</error>
    <system-err>org.openqa.selenium.firefox.NotConnectedException: Unable to connect to host 127.0.0.1 on port 7055 after 45000 ms. Firefox console output:
RL&quot;:null,&quot;icon64URL&quot;:null,&quot;defaultLocale&quot;:{&quot;name&quot;:&quot;Default&quot;,&quot;description&quot;:&quot;The default theme.&quot;,&quot;creator&quot;:&quot;Mozilla&quot;,&quot;homepageURL&quot;:null,&quot;contributors&quot;:[&quot;Mozilla Contributors&quot;]},&quot;visible&quot;:true,&quot;active&quot;:true,&quot;userDisabled&quot;:false,&quot;appDisabled&quot;:false,&quot;descriptor&quot;:&quot;C:\\Program Files (x86)\\Mozilla Firefox\\browser\\extensions\\{972ce4c6-7e08-4474-a285-3208198ce6fd}.xpi&quot;,&quot;installDate&quot;:1480940336517,&quot;updateDate&quot;:1480940336517,&quot;applyBackgroundUpdates&quot;:1,&quot;skinnable&quot;:true,&quot;size&quot;:21152,&quot;sourceURI&quot;:null,&quot;releaseNotesURI&quot;:null,&quot;softDisabled&quot;:false,&quot;foreignInstall&quot;:false,&quot;hasBinaryComponents&quot;:false,&quot;strictCompatibility&quot;:true,&quot;locales&quot;:[],&quot;targetApplications&quot;:[{&quot;id&quot;:&quot;{ec8030f7-c20a-464f-9b0e-13a3a9e97384}&quot;,&quot;minVersion&quot;:&quot;50.0.2&quot;,&quot;maxVersion&quot;:&quot;50.0.2&quot;}],&quot;targetPlatforms&quot;:[],&quot;seen&quot;:true}
1482418485217	addons.xpi	DEBUG	getModTime: Recursive scan of {972ce4c6-7e08-4474-a285-3208198ce6fd}
1482418485218	DeferredSave.extensions.json	DEBUG	Save changes
1482418485218	addons.xpi	DEBUG	Updating database with changes to installed add-ons
1482418485218	addons.xpi-utils	DEBUG	Updating add-on states
1482418485219	addons.xpi-utils	DEBUG	Writing add-ons list
1482418485221	addons.xpi	DEBUG	Registering manifest for C:\Program Files (x86)\Mozilla Firefox\browser\features\aushelper@mozilla.org.xpi
1482418485222	addons.xpi	DEBUG	Calling bootstrap method startup on aushelper@mozilla.org version 1.0
1482418485223	addons.xpi	DEBUG	Registering manifest for C:\Program Files (x86)\Mozilla Firefox\browser\features\e10srollout@mozilla.org.xpi
1482418485223	addons.xpi	DEBUG	Calling bootstrap method startup on e10srollout@mozilla.org version 1.5
1482418485223	addons.xpi	DEBUG	Registering manifest for C:\Program Files (x86)\Mozilla Firefox\browser\features\firefox@getpocket.com.xpi
1482418485224	addons.xpi	DEBUG	Calling bootstrap method startup on firefox@getpocket.com version 1.0.5
1482418485225	addons.xpi	DEBUG	Registering manifest for C:\Program Files (x86)\Mozilla Firefox\browser\features\webcompat@mozilla.org.xpi
1482418485225	addons.xpi	DEBUG	Calling bootstrap method startup on webcompat@mozilla.org version 1.0
1482418485226	addons.manager	DEBUG	Registering shutdown blocker for XPIProvider
1482418485226	addons.manager	DEBUG	Provider finished startup: XPIProvider
1482418485227	addons.manager	DEBUG	Starting provider: LightweightThemeManager
1482418485227	addons.manager	DEBUG	Registering shutdown blocker for LightweightThemeManager
1482418485227	addons.manager	DEBUG	Provider finished startup: LightweightThemeManager
1482418485228	addons.manager	DEBUG	Starting provider: GMPProvider
1482418485235	addons.manager	DEBUG	Registering shutdown blocker for GMPProvider
1482418485236	addons.manager	DEBUG	Provider finished startup: GMPProvider
1482418485236	addons.manager	DEBUG	Starting provider: PluginProvider
1482418485236	addons.manager	DEBUG	Registering shutdown blocker for PluginProvider
1482418485236	addons.manager	DEBUG	Provider finished startup: PluginProvider
1482418485237	addons.manager	DEBUG	Completed startup sequence
1482418486839	addons.manager	DEBUG	Starting provider: &lt;unnamed-provider&gt;
1482418486839	addons.manager	DEBUG	Registering shutdown blocker for &lt;unnamed-provider&gt;
1482418486839	addons.manager	DEBUG	Provider finished startup: &lt;unnamed-provider&gt;
1482418486841	DeferredSave.extensions.json	DEBUG	Starting write
1482418486969	addons.repository	DEBUG	No addons.json found.
1482418486969	DeferredSave.addons.json	DEBUG	Save changes
1482418486972	DeferredSave.addons.json	DEBUG	Starting timer
1482418486998	addons.manager	DEBUG	Starting provider: PreviousExperimentProvider
1482418486998	addons.manager	DEBUG	Registering shutdown blocker for PreviousExperimentProvider
1482418486999	addons.manager	DEBUG	Provider finished startup: PreviousExperimentProvider
1482418487000	DeferredSave.extensions.json	DEBUG	Write succeeded
1482418487001	addons.xpi-utils	DEBUG	XPI Database saved, setting schema version preference to 17
1482418487025	DeferredSave.addons.json	DEBUG	Starting write
1482418487034	DeferredSave.addons.json	DEBUG	Write succeeded

	at org.openqa.selenium.firefox.internal.NewProfileExtensionConnection.start(NewProfileExtensionConnection.java:123)
	at org.openqa.selenium.firefox.FirefoxDriver.startClient(FirefoxDriver.java:271)
	at org.openqa.selenium.remote.RemoteWebDriver.&lt;init&gt;(RemoteWebDriver.java:117)
	at org.openqa.selenium.firefox.FirefoxDriver.&lt;init&gt;(FirefoxDriver.java:216)
	at org.openqa.selenium.firefox.FirefoxDriver.&lt;init&gt;(FirefoxDriver.java:211)
	at org.openqa.selenium.firefox.FirefoxDriver.&lt;init&gt;(FirefoxDriver.java:207)
	at org.openqa.selenium.firefox.FirefoxDriver.&lt;init&gt;(FirefoxDriver.java:120)
	at uy.gub.dgi.rest.RestIT.setUp(RestIT.java:37)
	at junit.framework.TestCase.runBare(TestCase.java:139)
	at junit.framework.TestResult$1.protect(TestResult.java:122)
	at junit.framework.TestResult.runProtected(TestResult.java:142)
	at junit.framework.TestResult.run(TestResult.java:125)
	at junit.framework.TestCase.run(TestCase.java:129)
	at junit.framework.TestSuite.runTest(TestSuite.java:252)
	at junit.framework.TestSuite.run(TestSuite.java:247)
	at org.junit.internal.runners.JUnit38ClassRunner.run(JUnit38ClassRunner.java:86)
	at org.apache.maven.surefire.junit4.JUnit4Provider.execute(JUnit4Provider.java:236)
	at org.apache.maven.surefire.junit4.JUnit4Provider.executeTestSet(JUnit4Provider.java:134)
	at org.apache.maven.surefire.junit4.JUnit4Provider.invoke(JUnit4Provider.java:113)
	at sun.reflect.NativeMethodAccessorImpl.invoke0(Native Method)
	at sun.reflect.NativeMethodAccessorImpl.invoke(NativeMethodAccessorImpl.java:62)
	at sun.reflect.DelegatingMethodAccessorImpl.invoke(DelegatingMethodAccessorImpl.java:43)
	at java.lang.reflect.Method.invoke(Method.java:497)
	at org.apache.maven.surefire.util.ReflectionUtils.invokeMethodWithArray(ReflectionUtils.java:189)
	at org.apache.maven.surefire.booter.ProviderFactory$ProviderProxy.invoke(ProviderFactory.java:165)
	at org.apache.maven.surefire.booter.ProviderFactory.invokeProvider(ProviderFactory.java:85)
	at org.apache.maven.surefire.booter.ForkedBooter.runSuitesInProcess(ForkedBooter.java:103)
	at org.apache.maven.surefire.booter.ForkedBooter.main(ForkedBooter.java:74)
</system-err>
  </testcase>
  <testcase classname="uy.gub.dgi.rest.RestIT" name="testWeSeeHelloWorld" time="45.755">
    <error message="Failed to connect to binary FirefoxBinary(C:\Program Files (x86)\Mozilla Firefox\firefox.exe) on port 7055; process output follows: 
RL&quot;:null,&quot;icon64URL&quot;:null,&quot;defaultLocale&quot;:{&quot;name&quot;:&quot;Default&quot;,&quot;description&quot;:&quot;The default theme.&quot;,&quot;creator&quot;:&quot;Mozilla&quot;,&quot;homepageURL&quot;:null,&quot;contributors&quot;:[&quot;Mozilla Contributors&quot;]},&quot;visible&quot;:true,&quot;active&quot;:true,&quot;userDisabled&quot;:false,&quot;appDisabled&quot;:false,&quot;descriptor&quot;:&quot;C:\\Program Files (x86)\\Mozilla Firefox\\browser\\extensions\\{972ce4c6-7e08-4474-a285-3208198ce6fd}.xpi&quot;,&quot;installDate&quot;:1480940336517,&quot;updateDate&quot;:1480940336517,&quot;applyBackgroundUpdates&quot;:1,&quot;skinnable&quot;:true,&quot;size&quot;:21152,&quot;sourceURI&quot;:null,&quot;releaseNotesURI&quot;:null,&quot;softDisabled&quot;:false,&quot;foreignInstall&quot;:false,&quot;hasBinaryComponents&quot;:false,&quot;strictCompatibility&quot;:true,&quot;locales&quot;:[],&quot;targetApplications&quot;:[{&quot;id&quot;:&quot;{ec8030f7-c20a-464f-9b0e-13a3a9e97384}&quot;,&quot;minVersion&quot;:&quot;50.0.2&quot;,&quot;maxVersion&quot;:&quot;50.0.2&quot;}],&quot;targetPlatforms&quot;:[],&quot;seen&quot;:true}
1482418530393	addons.xpi	DEBUG	getModTime: Recursive scan of {972ce4c6-7e08-4474-a285-3208198ce6fd}
1482418530394	DeferredSave.extensions.json	DEBUG	Save changes
1482418530394	addons.xpi	DEBUG	Updating database with changes to installed add-ons
1482418530394	addons.xpi-utils	DEBUG	Updating add-on states
1482418530395	addons.xpi-utils	DEBUG	Writing add-ons list
1482418530398	addons.xpi	DEBUG	Registering manifest for C:\Program Files (x86)\Mozilla Firefox\browser\features\aushelper@mozilla.org.xpi
1482418530398	addons.xpi	DEBUG	Calling bootstrap method startup on aushelper@mozilla.org version 1.0
1482418530399	addons.xpi	DEBUG	Registering manifest for C:\Program Files (x86)\Mozilla Firefox\browser\features\e10srollout@mozilla.org.xpi
1482418530399	addons.xpi	DEBUG	Calling bootstrap method startup on e10srollout@mozilla.org version 1.5
1482418530400	addons.xpi	DEBUG	Registering manifest for C:\Program Files (x86)\Mozilla Firefox\browser\features\firefox@getpocket.com.xpi
1482418530400	addons.xpi	DEBUG	Calling bootstrap method startup on firefox@getpocket.com version 1.0.5
1482418530401	addons.xpi	DEBUG	Registering manifest for C:\Program Files (x86)\Mozilla Firefox\browser\features\webcompat@mozilla.org.xpi
1482418530401	addons.xpi	DEBUG	Calling bootstrap method startup on webcompat@mozilla.org version 1.0
1482418530403	addons.manager	DEBUG	Registering shutdown blocker for XPIProvider
1482418530403	addons.manager	DEBUG	Provider finished startup: XPIProvider
1482418530403	addons.manager	DEBUG	Starting provider: LightweightThemeManager
1482418530403	addons.manager	DEBUG	Registering shutdown blocker for LightweightThemeManager
1482418530404	addons.manager	DEBUG	Provider finished startup: LightweightThemeManager
1482418530404	addons.manager	DEBUG	Starting provider: GMPProvider
1482418530412	addons.manager	DEBUG	Registering shutdown blocker for GMPProvider
1482418530412	addons.manager	DEBUG	Provider finished startup: GMPProvider
1482418530412	addons.manager	DEBUG	Starting provider: PluginProvider
1482418530412	addons.manager	DEBUG	Registering shutdown blocker for PluginProvider
1482418530412	addons.manager	DEBUG	Provider finished startup: PluginProvider
1482418530413	addons.manager	DEBUG	Completed startup sequence
1482418531791	addons.manager	DEBUG	Starting provider: &lt;unnamed-provider&gt;
1482418531791	addons.manager	DEBUG	Registering shutdown blocker for &lt;unnamed-provider&gt;
1482418531791	addons.manager	DEBUG	Provider finished startup: &lt;unnamed-provider&gt;
1482418531793	DeferredSave.extensions.json	DEBUG	Starting write
1482418531942	addons.repository	DEBUG	No addons.json found.
1482418531942	DeferredSave.addons.json	DEBUG	Save changes
1482418531947	DeferredSave.addons.json	DEBUG	Starting timer
1482418531974	addons.manager	DEBUG	Starting provider: PreviousExperimentProvider
1482418531974	addons.manager	DEBUG	Registering shutdown blocker for PreviousExperimentProvider
1482418531974	addons.manager	DEBUG	Provider finished startup: PreviousExperimentProvider
1482418531977	DeferredSave.extensions.json	DEBUG	Write succeeded
1482418531978	addons.xpi-utils	DEBUG	XPI Database saved, setting schema version preference to 17
1482418532000	DeferredSave.addons.json	DEBUG	Starting write
1482418532008	DeferredSave.addons.json	DEBUG	Write succeeded

Build info: version: &apos;2.48.2&apos;, revision: &apos;41bccdd10cf2c0560f637404c2d96164b67d9d67&apos;, time: &apos;2015-10-09 13:08:06&apos;
System info: host: &apos;INF020000010178&apos;, ip: &apos;192.168.184.170&apos;, os.name: &apos;Windows 10&apos;, os.arch: &apos;x86&apos;, os.version: &apos;10.0&apos;, java.version: &apos;1.8.0_66&apos;
Driver info: driver.version: FirefoxDriver" type="org.openqa.selenium.WebDriverException">org.openqa.selenium.WebDriverException: Failed to connect to binary FirefoxBinary(C:\Program Files (x86)\Mozilla Firefox\firefox.exe) on port 7055; process output follows: 
RL&quot;:null,&quot;icon64URL&quot;:null,&quot;defaultLocale&quot;:{&quot;name&quot;:&quot;Default&quot;,&quot;description&quot;:&quot;The default theme.&quot;,&quot;creator&quot;:&quot;Mozilla&quot;,&quot;homepageURL&quot;:null,&quot;contributors&quot;:[&quot;Mozilla Contributors&quot;]},&quot;visible&quot;:true,&quot;active&quot;:true,&quot;userDisabled&quot;:false,&quot;appDisabled&quot;:false,&quot;descriptor&quot;:&quot;C:\\Program Files (x86)\\Mozilla Firefox\\browser\\extensions\\{972ce4c6-7e08-4474-a285-3208198ce6fd}.xpi&quot;,&quot;installDate&quot;:1480940336517,&quot;updateDate&quot;:1480940336517,&quot;applyBackgroundUpdates&quot;:1,&quot;skinnable&quot;:true,&quot;size&quot;:21152,&quot;sourceURI&quot;:null,&quot;releaseNotesURI&quot;:null,&quot;softDisabled&quot;:false,&quot;foreignInstall&quot;:false,&quot;hasBinaryComponents&quot;:false,&quot;strictCompatibility&quot;:true,&quot;locales&quot;:[],&quot;targetApplications&quot;:[{&quot;id&quot;:&quot;{ec8030f7-c20a-464f-9b0e-13a3a9e97384}&quot;,&quot;minVersion&quot;:&quot;50.0.2&quot;,&quot;maxVersion&quot;:&quot;50.0.2&quot;}],&quot;targetPlatforms&quot;:[],&quot;seen&quot;:true}
1482418530393	addons.xpi	DEBUG	getModTime: Recursive scan of {972ce4c6-7e08-4474-a285-3208198ce6fd}
1482418530394	DeferredSave.extensions.json	DEBUG	Save changes
1482418530394	addons.xpi	DEBUG	Updating database with changes to installed add-ons
1482418530394	addons.xpi-utils	DEBUG	Updating add-on states
1482418530395	addons.xpi-utils	DEBUG	Writing add-ons list
1482418530398	addons.xpi	DEBUG	Registering manifest for C:\Program Files (x86)\Mozilla Firefox\browser\features\aushelper@mozilla.org.xpi
1482418530398	addons.xpi	DEBUG	Calling bootstrap method startup on aushelper@mozilla.org version 1.0
1482418530399	addons.xpi	DEBUG	Registering manifest for C:\Program Files (x86)\Mozilla Firefox\browser\features\e10srollout@mozilla.org.xpi
1482418530399	addons.xpi	DEBUG	Calling bootstrap method startup on e10srollout@mozilla.org version 1.5
1482418530400	addons.xpi	DEBUG	Registering manifest for C:\Program Files (x86)\Mozilla Firefox\browser\features\firefox@getpocket.com.xpi
1482418530400	addons.xpi	DEBUG	Calling bootstrap method startup on firefox@getpocket.com version 1.0.5
1482418530401	addons.xpi	DEBUG	Registering manifest for C:\Program Files (x86)\Mozilla Firefox\browser\features\webcompat@mozilla.org.xpi
1482418530401	addons.xpi	DEBUG	Calling bootstrap method startup on webcompat@mozilla.org version 1.0
1482418530403	addons.manager	DEBUG	Registering shutdown blocker for XPIProvider
1482418530403	addons.manager	DEBUG	Provider finished startup: XPIProvider
1482418530403	addons.manager	DEBUG	Starting provider: LightweightThemeManager
1482418530403	addons.manager	DEBUG	Registering shutdown blocker for LightweightThemeManager
1482418530404	addons.manager	DEBUG	Provider finished startup: LightweightThemeManager
1482418530404	addons.manager	DEBUG	Starting provider: GMPProvider
1482418530412	addons.manager	DEBUG	Registering shutdown blocker for GMPProvider
1482418530412	addons.manager	DEBUG	Provider finished startup: GMPProvider
1482418530412	addons.manager	DEBUG	Starting provider: PluginProvider
1482418530412	addons.manager	DEBUG	Registering shutdown blocker for PluginProvider
1482418530412	addons.manager	DEBUG	Provider finished startup: PluginProvider
1482418530413	addons.manager	DEBUG	Completed startup sequence
1482418531791	addons.manager	DEBUG	Starting provider: &lt;unnamed-provider&gt;
1482418531791	addons.manager	DEBUG	Registering shutdown blocker for &lt;unnamed-provider&gt;
1482418531791	addons.manager	DEBUG	Provider finished startup: &lt;unnamed-provider&gt;
1482418531793	DeferredSave.extensions.json	DEBUG	Starting write
1482418531942	addons.repository	DEBUG	No addons.json found.
1482418531942	DeferredSave.addons.json	DEBUG	Save changes
1482418531947	DeferredSave.addons.json	DEBUG	Starting timer
1482418531974	addons.manager	DEBUG	Starting provider: PreviousExperimentProvider
1482418531974	addons.manager	DEBUG	Registering shutdown blocker for PreviousExperimentProvider
1482418531974	addons.manager	DEBUG	Provider finished startup: PreviousExperimentProvider
1482418531977	DeferredSave.extensions.json	DEBUG	Write succeeded
1482418531978	addons.xpi-utils	DEBUG	XPI Database saved, setting schema version preference to 17
1482418532000	DeferredSave.addons.json	DEBUG	Starting write
1482418532008	DeferredSave.addons.json	DEBUG	Write succeeded

Build info: version: &apos;2.48.2&apos;, revision: &apos;41bccdd10cf2c0560f637404c2d96164b67d9d67&apos;, time: &apos;2015-10-09 13:08:06&apos;
System info: host: &apos;INF020000010178&apos;, ip: &apos;192.168.184.170&apos;, os.name: &apos;Windows 10&apos;, os.arch: &apos;x86&apos;, os.version: &apos;10.0&apos;, java.version: &apos;1.8.0_66&apos;
Driver info: driver.version: FirefoxDriver
	at org.openqa.selenium.firefox.internal.NewProfileExtensionConnection.start(NewProfileExtensionConnection.java:135)
	at org.openqa.selenium.firefox.FirefoxDriver.startClient(FirefoxDriver.java:271)
	at org.openqa.selenium.remote.RemoteWebDriver.&lt;init&gt;(RemoteWebDriver.java:117)
	at org.openqa.selenium.firefox.FirefoxDriver.&lt;init&gt;(FirefoxDriver.java:216)
	at org.openqa.selenium.firefox.FirefoxDriver.&lt;init&gt;(FirefoxDriver.java:211)
	at org.openqa.selenium.firefox.FirefoxDriver.&lt;init&gt;(FirefoxDriver.java:207)
	at org.openqa.selenium.firefox.FirefoxDriver.&lt;init&gt;(FirefoxDriver.java:120)
	at uy.gub.dgi.rest.RestIT.setUp(RestIT.java:37)
	at junit.framework.TestCase.runBare(TestCase.java:139)
	at junit.framework.TestResult$1.protect(TestResult.java:122)
	at junit.framework.TestResult.runProtected(TestResult.java:142)
	at junit.framework.TestResult.run(TestResult.java:125)
	at junit.framework.TestCase.run(TestCase.java:129)
	at junit.framework.TestSuite.runTest(TestSuite.java:252)
	at junit.framework.TestSuite.run(TestSuite.java:247)
	at org.junit.internal.runners.JUnit38ClassRunner.run(JUnit38ClassRunner.java:86)
	at org.apache.maven.surefire.junit4.JUnit4Provider.execute(JUnit4Provider.java:236)
	at org.apache.maven.surefire.junit4.JUnit4Provider.executeTestSet(JUnit4Provider.java:134)
	at org.apache.maven.surefire.junit4.JUnit4Provider.invoke(JUnit4Provider.java:113)
	at sun.reflect.NativeMethodAccessorImpl.invoke0(Native Method)
	at sun.reflect.NativeMethodAccessorImpl.invoke(NativeMethodAccessorImpl.java:62)
	at sun.reflect.DelegatingMethodAccessorImpl.invoke(DelegatingMethodAccessorImpl.java:43)
	at java.lang.reflect.Method.invoke(Method.java:497)
	at org.apache.maven.surefire.util.ReflectionUtils.invokeMethodWithArray(ReflectionUtils.java:189)
	at org.apache.maven.surefire.booter.ProviderFactory$ProviderProxy.invoke(ProviderFactory.java:165)
	at org.apache.maven.surefire.booter.ProviderFactory.invokeProvider(ProviderFactory.java:85)
	at org.apache.maven.surefire.booter.ForkedBooter.runSuitesInProcess(ForkedBooter.java:103)
	at org.apache.maven.surefire.booter.ForkedBooter.main(ForkedBooter.java:74)
Caused by: org.openqa.selenium.firefox.NotConnectedException: Unable to connect to host 127.0.0.1 on port 7055 after 45000 ms. Firefox console output:
RL&quot;:null,&quot;icon64URL&quot;:null,&quot;defaultLocale&quot;:{&quot;name&quot;:&quot;Default&quot;,&quot;description&quot;:&quot;The default theme.&quot;,&quot;creator&quot;:&quot;Mozilla&quot;,&quot;homepageURL&quot;:null,&quot;contributors&quot;:[&quot;Mozilla Contributors&quot;]},&quot;visible&quot;:true,&quot;active&quot;:true,&quot;userDisabled&quot;:false,&quot;appDisabled&quot;:false,&quot;descriptor&quot;:&quot;C:\\Program Files (x86)\\Mozilla Firefox\\browser\\extensions\\{972ce4c6-7e08-4474-a285-3208198ce6fd}.xpi&quot;,&quot;installDate&quot;:1480940336517,&quot;updateDate&quot;:1480940336517,&quot;applyBackgroundUpdates&quot;:1,&quot;skinnable&quot;:true,&quot;size&quot;:21152,&quot;sourceURI&quot;:null,&quot;releaseNotesURI&quot;:null,&quot;softDisabled&quot;:false,&quot;foreignInstall&quot;:false,&quot;hasBinaryComponents&quot;:false,&quot;strictCompatibility&quot;:true,&quot;locales&quot;:[],&quot;targetApplications&quot;:[{&quot;id&quot;:&quot;{ec8030f7-c20a-464f-9b0e-13a3a9e97384}&quot;,&quot;minVersion&quot;:&quot;50.0.2&quot;,&quot;maxVersion&quot;:&quot;50.0.2&quot;}],&quot;targetPlatforms&quot;:[],&quot;seen&quot;:true}
1482418530393	addons.xpi	DEBUG	getModTime: Recursive scan of {972ce4c6-7e08-4474-a285-3208198ce6fd}
1482418530394	DeferredSave.extensions.json	DEBUG	Save changes
1482418530394	addons.xpi	DEBUG	Updating database with changes to installed add-ons
1482418530394	addons.xpi-utils	DEBUG	Updating add-on states
1482418530395	addons.xpi-utils	DEBUG	Writing add-ons list
1482418530398	addons.xpi	DEBUG	Registering manifest for C:\Program Files (x86)\Mozilla Firefox\browser\features\aushelper@mozilla.org.xpi
1482418530398	addons.xpi	DEBUG	Calling bootstrap method startup on aushelper@mozilla.org version 1.0
1482418530399	addons.xpi	DEBUG	Registering manifest for C:\Program Files (x86)\Mozilla Firefox\browser\features\e10srollout@mozilla.org.xpi
1482418530399	addons.xpi	DEBUG	Calling bootstrap method startup on e10srollout@mozilla.org version 1.5
1482418530400	addons.xpi	DEBUG	Registering manifest for C:\Program Files (x86)\Mozilla Firefox\browser\features\firefox@getpocket.com.xpi
1482418530400	addons.xpi	DEBUG	Calling bootstrap method startup on firefox@getpocket.com version 1.0.5
1482418530401	addons.xpi	DEBUG	Registering manifest for C:\Program Files (x86)\Mozilla Firefox\browser\features\webcompat@mozilla.org.xpi
1482418530401	addons.xpi	DEBUG	Calling bootstrap method startup on webcompat@mozilla.org version 1.0
1482418530403	addons.manager	DEBUG	Registering shutdown blocker for XPIProvider
1482418530403	addons.manager	DEBUG	Provider finished startup: XPIProvider
1482418530403	addons.manager	DEBUG	Starting provider: LightweightThemeManager
1482418530403	addons.manager	DEBUG	Registering shutdown blocker for LightweightThemeManager
1482418530404	addons.manager	DEBUG	Provider finished startup: LightweightThemeManager
1482418530404	addons.manager	DEBUG	Starting provider: GMPProvider
1482418530412	addons.manager	DEBUG	Registering shutdown blocker for GMPProvider
1482418530412	addons.manager	DEBUG	Provider finished startup: GMPProvider
1482418530412	addons.manager	DEBUG	Starting provider: PluginProvider
1482418530412	addons.manager	DEBUG	Registering shutdown blocker for PluginProvider
1482418530412	addons.manager	DEBUG	Provider finished startup: PluginProvider
1482418530413	addons.manager	DEBUG	Completed startup sequence
1482418531791	addons.manager	DEBUG	Starting provider: &lt;unnamed-provider&gt;
1482418531791	addons.manager	DEBUG	Registering shutdown blocker for &lt;unnamed-provider&gt;
1482418531791	addons.manager	DEBUG	Provider finished startup: &lt;unnamed-provider&gt;
1482418531793	DeferredSave.extensions.json	DEBUG	Starting write
1482418531942	addons.repository	DEBUG	No addons.json found.
1482418531942	DeferredSave.addons.json	DEBUG	Save changes
1482418531947	DeferredSave.addons.json	DEBUG	Starting timer
1482418531974	addons.manager	DEBUG	Starting provider: PreviousExperimentProvider
1482418531974	addons.manager	DEBUG	Registering shutdown blocker for PreviousExperimentProvider
1482418531974	addons.manager	DEBUG	Provider finished startup: PreviousExperimentProvider
1482418531977	DeferredSave.extensions.json	DEBUG	Write succeeded
1482418531978	addons.xpi-utils	DEBUG	XPI Database saved, setting schema version preference to 17
1482418532000	DeferredSave.addons.json	DEBUG	Starting write
1482418532008	DeferredSave.addons.json	DEBUG	Write succeeded

	at org.openqa.selenium.firefox.internal.NewProfileExtensionConnection.start(NewProfileExtensionConnection.java:123)
	... 27 more
</error>
    <system-err>org.openqa.selenium.firefox.NotConnectedException: Unable to connect to host 127.0.0.1 on port 7055 after 45000 ms. Firefox console output:
RL&quot;:null,&quot;icon64URL&quot;:null,&quot;defaultLocale&quot;:{&quot;name&quot;:&quot;Default&quot;,&quot;description&quot;:&quot;The default theme.&quot;,&quot;creator&quot;:&quot;Mozilla&quot;,&quot;homepageURL&quot;:null,&quot;contributors&quot;:[&quot;Mozilla Contributors&quot;]},&quot;visible&quot;:true,&quot;active&quot;:true,&quot;userDisabled&quot;:false,&quot;appDisabled&quot;:false,&quot;descriptor&quot;:&quot;C:\\Program Files (x86)\\Mozilla Firefox\\browser\\extensions\\{972ce4c6-7e08-4474-a285-3208198ce6fd}.xpi&quot;,&quot;installDate&quot;:1480940336517,&quot;updateDate&quot;:1480940336517,&quot;applyBackgroundUpdates&quot;:1,&quot;skinnable&quot;:true,&quot;size&quot;:21152,&quot;sourceURI&quot;:null,&quot;releaseNotesURI&quot;:null,&quot;softDisabled&quot;:false,&quot;foreignInstall&quot;:false,&quot;hasBinaryComponents&quot;:false,&quot;strictCompatibility&quot;:true,&quot;locales&quot;:[],&quot;targetApplications&quot;:[{&quot;id&quot;:&quot;{ec8030f7-c20a-464f-9b0e-13a3a9e97384}&quot;,&quot;minVersion&quot;:&quot;50.0.2&quot;,&quot;maxVersion&quot;:&quot;50.0.2&quot;}],&quot;targetPlatforms&quot;:[],&quot;seen&quot;:true}
1482418530393	addons.xpi	DEBUG	getModTime: Recursive scan of {972ce4c6-7e08-4474-a285-3208198ce6fd}
1482418530394	DeferredSave.extensions.json	DEBUG	Save changes
1482418530394	addons.xpi	DEBUG	Updating database with changes to installed add-ons
1482418530394	addons.xpi-utils	DEBUG	Updating add-on states
1482418530395	addons.xpi-utils	DEBUG	Writing add-ons list
1482418530398	addons.xpi	DEBUG	Registering manifest for C:\Program Files (x86)\Mozilla Firefox\browser\features\aushelper@mozilla.org.xpi
1482418530398	addons.xpi	DEBUG	Calling bootstrap method startup on aushelper@mozilla.org version 1.0
1482418530399	addons.xpi	DEBUG	Registering manifest for C:\Program Files (x86)\Mozilla Firefox\browser\features\e10srollout@mozilla.org.xpi
1482418530399	addons.xpi	DEBUG	Calling bootstrap method startup on e10srollout@mozilla.org version 1.5
1482418530400	addons.xpi	DEBUG	Registering manifest for C:\Program Files (x86)\Mozilla Firefox\browser\features\firefox@getpocket.com.xpi
1482418530400	addons.xpi	DEBUG	Calling bootstrap method startup on firefox@getpocket.com version 1.0.5
1482418530401	addons.xpi	DEBUG	Registering manifest for C:\Program Files (x86)\Mozilla Firefox\browser\features\webcompat@mozilla.org.xpi
1482418530401	addons.xpi	DEBUG	Calling bootstrap method startup on webcompat@mozilla.org version 1.0
1482418530403	addons.manager	DEBUG	Registering shutdown blocker for XPIProvider
1482418530403	addons.manager	DEBUG	Provider finished startup: XPIProvider
1482418530403	addons.manager	DEBUG	Starting provider: LightweightThemeManager
1482418530403	addons.manager	DEBUG	Registering shutdown blocker for LightweightThemeManager
1482418530404	addons.manager	DEBUG	Provider finished startup: LightweightThemeManager
1482418530404	addons.manager	DEBUG	Starting provider: GMPProvider
1482418530412	addons.manager	DEBUG	Registering shutdown blocker for GMPProvider
1482418530412	addons.manager	DEBUG	Provider finished startup: GMPProvider
1482418530412	addons.manager	DEBUG	Starting provider: PluginProvider
1482418530412	addons.manager	DEBUG	Registering shutdown blocker for PluginProvider
1482418530412	addons.manager	DEBUG	Provider finished startup: PluginProvider
1482418530413	addons.manager	DEBUG	Completed startup sequence
1482418531791	addons.manager	DEBUG	Starting provider: &lt;unnamed-provider&gt;
1482418531791	addons.manager	DEBUG	Registering shutdown blocker for &lt;unnamed-provider&gt;
1482418531791	addons.manager	DEBUG	Provider finished startup: &lt;unnamed-provider&gt;
1482418531793	DeferredSave.extensions.json	DEBUG	Starting write
1482418531942	addons.repository	DEBUG	No addons.json found.
1482418531942	DeferredSave.addons.json	DEBUG	Save changes
1482418531947	DeferredSave.addons.json	DEBUG	Starting timer
1482418531974	addons.manager	DEBUG	Starting provider: PreviousExperimentProvider
1482418531974	addons.manager	DEBUG	Registering shutdown blocker for PreviousExperimentProvider
1482418531974	addons.manager	DEBUG	Provider finished startup: PreviousExperimentProvider
1482418531977	DeferredSave.extensions.json	DEBUG	Write succeeded
1482418531978	addons.xpi-utils	DEBUG	XPI Database saved, setting schema version preference to 17
1482418532000	DeferredSave.addons.json	DEBUG	Starting write
1482418532008	DeferredSave.addons.json	DEBUG	Write succeeded

	at org.openqa.selenium.firefox.internal.NewProfileExtensionConnection.start(NewProfileExtensionConnection.java:123)
	at org.openqa.selenium.firefox.FirefoxDriver.startClient(FirefoxDriver.java:271)
	at org.openqa.selenium.remote.RemoteWebDriver.&lt;init&gt;(RemoteWebDriver.java:117)
	at org.openqa.selenium.firefox.FirefoxDriver.&lt;init&gt;(FirefoxDriver.java:216)
	at org.openqa.selenium.firefox.FirefoxDriver.&lt;init&gt;(FirefoxDriver.java:211)
	at org.openqa.selenium.firefox.FirefoxDriver.&lt;init&gt;(FirefoxDriver.java:207)
	at org.openqa.selenium.firefox.FirefoxDriver.&lt;init&gt;(FirefoxDriver.java:120)
	at uy.gub.dgi.rest.RestIT.setUp(RestIT.java:37)
	at junit.framework.TestCase.runBare(TestCase.java:139)
	at junit.framework.TestResult$1.protect(TestResult.java:122)
	at junit.framework.TestResult.runProtected(TestResult.java:142)
	at junit.framework.TestResult.run(TestResult.java:125)
	at junit.framework.TestCase.run(TestCase.java:129)
	at junit.framework.TestSuite.runTest(TestSuite.java:252)
	at junit.framework.TestSuite.run(TestSuite.java:247)
	at org.junit.internal.runners.JUnit38ClassRunner.run(JUnit38ClassRunner.java:86)
	at org.apache.maven.surefire.junit4.JUnit4Provider.execute(JUnit4Provider.java:236)
	at org.apache.maven.surefire.junit4.JUnit4Provider.executeTestSet(JUnit4Provider.java:134)
	at org.apache.maven.surefire.junit4.JUnit4Provider.invoke(JUnit4Provider.java:113)
	at sun.reflect.NativeMethodAccessorImpl.invoke0(Native Method)
	at sun.reflect.NativeMethodAccessorImpl.invoke(NativeMethodAccessorImpl.java:62)
	at sun.reflect.DelegatingMethodAccessorImpl.invoke(DelegatingMethodAccessorImpl.java:43)
	at java.lang.reflect.Method.invoke(Method.java:497)
	at org.apache.maven.surefire.util.ReflectionUtils.invokeMethodWithArray(ReflectionUtils.java:189)
	at org.apache.maven.surefire.booter.ProviderFactory$ProviderProxy.invoke(ProviderFactory.java:165)
	at org.apache.maven.surefire.booter.ProviderFactory.invokeProvider(ProviderFactory.java:85)
	at org.apache.maven.surefire.booter.ForkedBooter.runSuitesInProcess(ForkedBooter.java:103)
	at org.apache.maven.surefire.booter.ForkedBooter.main(ForkedBooter.java:74)
</system-err>
  </testcase>
</testsuite>