<?xml version="1.0" encoding="UTF-8" ?>
<testsuite tests="5" failures="0" name="uy.gub.dgi.jwt.JWTConsumerImplTest" time="0.324" errors="2" skipped="0">
  <properties>
[...]
</properties>
  <testcase classname="uy.gub.dgi.jwt.JWTConsumerImplTest" name="testValidateToken1" time="0.007"/>
  <testcase classname="uy.gub.dgi.jwt.JWTConsumerImplTest" name="testValidateToken2" time="0"/>
  <testcase classname="uy.gub.dgi.jwt.JWTConsumerImplTest" name="testValidateToken3" time="0"/>
  <testcase classname="uy.gub.dgi.jwt.JWTConsumerImplTest" name="testGenerateRefreshToken" time="0.286">
    <error message="org.jose4j.jwt.consumer.InvalidJwtException: JWT (claims-&gt;{&quot;iss&quot;:&quot;Issuer&quot;,&quot;aud&quot;:&quot;refreshToken&quot;,&quot;exp&quot;:1482420447,&quot;jti&quot;:&quot;5jak-rjbl7Nl1s0glpufjQ&quot;,&quot;iat&quot;:1482419847,&quot;nbf&quot;:1482419727,&quot;sub&quot;:&quot;pepe&quot;,&quot;email&quot;:&quot;mail@example.com&quot;,&quot;scopes&quot;:[&quot;administrator&quot;,&quot;provider&quot;],&quot;groups&quot;:[&quot;group-one&quot;,&quot;other-group&quot;,&quot;group-three&quot;]}) rejected due to invalid claims. Additional details: [Audience (aud) claim [refreshToken] doesn&apos;t contain an acceptable identifier. Expected Audience as an aud value.]" type="uy.gub.dgi.jwt.JWTConsumerException">uy.gub.dgi.jwt.JWTConsumerException: org.jose4j.jwt.consumer.InvalidJwtException: JWT (claims-&gt;{&quot;iss&quot;:&quot;Issuer&quot;,&quot;aud&quot;:&quot;refreshToken&quot;,&quot;exp&quot;:1482420447,&quot;jti&quot;:&quot;5jak-rjbl7Nl1s0glpufjQ&quot;,&quot;iat&quot;:1482419847,&quot;nbf&quot;:1482419727,&quot;sub&quot;:&quot;pepe&quot;,&quot;email&quot;:&quot;mail@example.com&quot;,&quot;scopes&quot;:[&quot;administrator&quot;,&quot;provider&quot;],&quot;groups&quot;:[&quot;group-one&quot;,&quot;other-group&quot;,&quot;group-three&quot;]}) rejected due to invalid claims. Additional details: [Audience (aud) claim [refreshToken] doesn&apos;t contain an acceptable identifier. Expected Audience as an aud value.]
	at uy.gub.dgi.jwt.JWTConsumerImpl.validateJWT(JWTConsumerImpl.java:64)
	at uy.gub.dgi.jwt.JWTConsumerImplTest.testGenerateRefreshToken(JWTConsumerImplTest.java:55)
	at sun.reflect.NativeMethodAccessorImpl.invoke0(Native Method)
	at sun.reflect.NativeMethodAccessorImpl.invoke(NativeMethodAccessorImpl.java:62)
	at sun.reflect.DelegatingMethodAccessorImpl.invoke(DelegatingMethodAccessorImpl.java:43)
	at java.lang.reflect.Method.invoke(Method.java:497)
	at org.junit.runners.model.FrameworkMethod$1.runReflectiveCall(FrameworkMethod.java:50)
	at org.junit.internal.runners.model.ReflectiveCallable.run(ReflectiveCallable.java:12)
	at org.junit.runners.model.FrameworkMethod.invokeExplosively(FrameworkMethod.java:47)
	at org.junit.internal.runners.statements.InvokeMethod.evaluate(InvokeMethod.java:17)
	at org.junit.runners.ParentRunner.runLeaf(ParentRunner.java:325)
	at org.junit.runners.BlockJUnit4ClassRunner.runChild(BlockJUnit4ClassRunner.java:78)
	at org.junit.runners.BlockJUnit4ClassRunner.runChild(BlockJUnit4ClassRunner.java:57)
	at org.junit.runners.ParentRunner$3.run(ParentRunner.java:290)
	at org.junit.runners.ParentRunner$1.schedule(ParentRunner.java:71)
	at org.junit.runners.ParentRunner.runChildren(ParentRunner.java:288)
	at org.junit.runners.ParentRunner.access$000(ParentRunner.java:58)
	at org.junit.runners.ParentRunner$2.evaluate(ParentRunner.java:268)
	at org.junit.runners.ParentRunner.run(ParentRunner.java:363)
	at org.mockito.internal.runners.JUnit45AndHigherRunnerImpl.run(JUnit45AndHigherRunnerImpl.java:37)
	at org.mockito.runners.MockitoJUnitRunner.run(MockitoJUnitRunner.java:62)
	at org.apache.maven.surefire.junit4.JUnit4Provider.execute(JUnit4Provider.java:252)
	at org.apache.maven.surefire.junit4.JUnit4Provider.executeTestSet(JUnit4Provider.java:141)
	at org.apache.maven.surefire.junit4.JUnit4Provider.invoke(JUnit4Provider.java:112)
	at sun.reflect.NativeMethodAccessorImpl.invoke0(Native Method)
	at sun.reflect.NativeMethodAccessorImpl.invoke(NativeMethodAccessorImpl.java:62)
	at sun.reflect.DelegatingMethodAccessorImpl.invoke(DelegatingMethodAccessorImpl.java:43)
	at java.lang.reflect.Method.invoke(Method.java:497)
	at org.apache.maven.surefire.util.ReflectionUtils.invokeMethodWithArray(ReflectionUtils.java:189)
	at org.apache.maven.surefire.booter.ProviderFactory$ProviderProxy.invoke(ProviderFactory.java:165)
	at org.apache.maven.surefire.booter.ProviderFactory.invokeProvider(ProviderFactory.java:85)
	at org.apache.maven.surefire.booter.ForkedBooter.runSuitesInProcess(ForkedBooter.java:115)
	at org.apache.maven.surefire.booter.ForkedBooter.main(ForkedBooter.java:75)
Caused by: org.jose4j.jwt.consumer.InvalidJwtException: JWT (claims-&gt;{&quot;iss&quot;:&quot;Issuer&quot;,&quot;aud&quot;:&quot;refreshToken&quot;,&quot;exp&quot;:1482420447,&quot;jti&quot;:&quot;5jak-rjbl7Nl1s0glpufjQ&quot;,&quot;iat&quot;:1482419847,&quot;nbf&quot;:1482419727,&quot;sub&quot;:&quot;pepe&quot;,&quot;email&quot;:&quot;mail@example.com&quot;,&quot;scopes&quot;:[&quot;administrator&quot;,&quot;provider&quot;],&quot;groups&quot;:[&quot;group-one&quot;,&quot;other-group&quot;,&quot;group-three&quot;]}) rejected due to invalid claims. Additional details: [Audience (aud) claim [refreshToken] doesn&apos;t contain an acceptable identifier. Expected Audience as an aud value.]
	at org.jose4j.jwt.consumer.JwtConsumer.validate(JwtConsumer.java:426)
	at org.jose4j.jwt.consumer.JwtConsumer.processContext(JwtConsumer.java:277)
	at org.jose4j.jwt.consumer.JwtConsumer.process(JwtConsumer.java:395)
	at org.jose4j.jwt.consumer.JwtConsumer.processToClaims(JwtConsumer.java:155)
	at uy.gub.dgi.jwt.JWTConsumerImpl.validateJWT(JWTConsumerImpl.java:57)
	... 32 more
</error>
    <system-out>JWT: eyJraWQiOiJrMSIsImFsZyI6IlJTMjU2In0.eyJpc3MiOiJJc3N1ZXIiLCJhdWQiOiJyZWZyZXNoVG9rZW4iLCJleHAiOjE0ODI0MjA0NDcsImp0aSI6IjVqYWstcmpibDdObDFzMGdscHVmalEiLCJpYXQiOjE0ODI0MTk4NDcsIm5iZiI6MTQ4MjQxOTcyNywic3ViIjoicGVwZSIsImVtYWlsIjoibWFpbEBleGFtcGxlLmNvbSIsInNjb3BlcyI6WyJhZG1pbmlzdHJhdG9yIiwicHJvdmlkZXIiXSwiZ3JvdXBzIjpbImdyb3VwLW9uZSIsIm90aGVyLWdyb3VwIiwiZ3JvdXAtdGhyZWUiXX0.HDsHSr5WeEvASw5CQgO5daMEcaYPMer39jpU0UALoH0qU2Dazodho0Vcj4RRosojIjIY8ugZLpzp34LXKd6DvYLJOJ6ad3atW_pzzK0FMtsICx6D4RPALqxfip01Zm3kFLjIJLeJhnveoBQM54OLk3fjXJibIC78MrIdLDKkFsy63rMeS-TnV-sQjFLIfMZmtvowgumNAI5FS3GZ6_5OK-1Z8mszU3bpu2Nm1OrA7SAPPLAj6Xsta6jBJ0TP0rxir98-8JkfWrwmHeGiMIVeVs0LnGIV9SfKThC2cVl4xLAp4Wgi-VsWt_yykI0l4ziSpBlCeZ8Qhfr43ylciqdp0Q
JWT eyJraWQiOiJrMSIsImFsZyI6IlJTMjU2In0.eyJpc3MiOiJJc3N1ZXIiLCJhdWQiOiJyZWZyZXNoVG9rZW4iLCJleHAiOjE0ODI0MjA0NDcsImp0aSI6IjVqYWstcmpibDdObDFzMGdscHVmalEiLCJpYXQiOjE0ODI0MTk4NDcsIm5iZiI6MTQ4MjQxOTcyNywic3ViIjoicGVwZSIsImVtYWlsIjoibWFpbEBleGFtcGxlLmNvbSIsInNjb3BlcyI6WyJhZG1pbmlzdHJhdG9yIiwicHJvdmlkZXIiXSwiZ3JvdXBzIjpbImdyb3VwLW9uZSIsIm90aGVyLWdyb3VwIiwiZ3JvdXAtdGhyZWUiXX0.HDsHSr5WeEvASw5CQgO5daMEcaYPMer39jpU0UALoH0qU2Dazodho0Vcj4RRosojIjIY8ugZLpzp34LXKd6DvYLJOJ6ad3atW_pzzK0FMtsICx6D4RPALqxfip01Zm3kFLjIJLeJhnveoBQM54OLk3fjXJibIC78MrIdLDKkFsy63rMeS-TnV-sQjFLIfMZmtvowgumNAI5FS3GZ6_5OK-1Z8mszU3bpu2Nm1OrA7SAPPLAj6Xsta6jBJ0TP0rxir98-8JkfWrwmHeGiMIVeVs0LnGIV9SfKThC2cVl4xLAp4Wgi-VsWt_yykI0l4ziSpBlCeZ8Qhfr43ylciqdp0Q
</system-out>
    <system-err>SLF4J: Failed to load class &quot;org.slf4j.impl.StaticLoggerBinder&quot;.
SLF4J: Defaulting to no-operation (NOP) logger implementation
SLF4J: See http://www.slf4j.org/codes.html#StaticLoggerBinder for further details.
</system-err>
  </testcase>
  <testcase classname="uy.gub.dgi.jwt.JWTConsumerImplTest" name="testGenerateAccessToken" time="0.031">
    <error message="org.jose4j.jwt.consumer.InvalidJwtException: JWT (claims-&gt;{&quot;iss&quot;:&quot;Issuer&quot;,&quot;aud&quot;:&quot;accessToken&quot;,&quot;exp&quot;:1482420447,&quot;jti&quot;:&quot;IVItGVPqzGFPpYxYzUOBVA&quot;,&quot;iat&quot;:1482419847,&quot;nbf&quot;:1482419727,&quot;sub&quot;:&quot;pepe&quot;,&quot;email&quot;:&quot;mail@example.com&quot;,&quot;scopes&quot;:[&quot;administrator&quot;,&quot;provider&quot;],&quot;groups&quot;:[&quot;group-one&quot;,&quot;other-group&quot;,&quot;group-three&quot;]}) rejected due to invalid claims. Additional details: [Audience (aud) claim [accessToken] doesn&apos;t contain an acceptable identifier. Expected Audience as an aud value.]" type="uy.gub.dgi.jwt.JWTConsumerException">uy.gub.dgi.jwt.JWTConsumerException: org.jose4j.jwt.consumer.InvalidJwtException: JWT (claims-&gt;{&quot;iss&quot;:&quot;Issuer&quot;,&quot;aud&quot;:&quot;accessToken&quot;,&quot;exp&quot;:1482420447,&quot;jti&quot;:&quot;IVItGVPqzGFPpYxYzUOBVA&quot;,&quot;iat&quot;:1482419847,&quot;nbf&quot;:1482419727,&quot;sub&quot;:&quot;pepe&quot;,&quot;email&quot;:&quot;mail@example.com&quot;,&quot;scopes&quot;:[&quot;administrator&quot;,&quot;provider&quot;],&quot;groups&quot;:[&quot;group-one&quot;,&quot;other-group&quot;,&quot;group-three&quot;]}) rejected due to invalid claims. Additional details: [Audience (aud) claim [accessToken] doesn&apos;t contain an acceptable identifier. Expected Audience as an aud value.]
	at uy.gub.dgi.jwt.JWTConsumerImpl.validateJWT(JWTConsumerImpl.java:64)
	at uy.gub.dgi.jwt.JWTConsumerImplTest.testGenerateAccessToken(JWTConsumerImplTest.java:65)
	at sun.reflect.NativeMethodAccessorImpl.invoke0(Native Method)
	at sun.reflect.NativeMethodAccessorImpl.invoke(NativeMethodAccessorImpl.java:62)
	at sun.reflect.DelegatingMethodAccessorImpl.invoke(DelegatingMethodAccessorImpl.java:43)
	at java.lang.reflect.Method.invoke(Method.java:497)
	at org.junit.runners.model.FrameworkMethod$1.runReflectiveCall(FrameworkMethod.java:50)
	at org.junit.internal.runners.model.ReflectiveCallable.run(ReflectiveCallable.java:12)
	at org.junit.runners.model.FrameworkMethod.invokeExplosively(FrameworkMethod.java:47)
	at org.junit.internal.runners.statements.InvokeMethod.evaluate(InvokeMethod.java:17)
	at org.junit.runners.ParentRunner.runLeaf(ParentRunner.java:325)
	at org.junit.runners.BlockJUnit4ClassRunner.runChild(BlockJUnit4ClassRunner.java:78)
	at org.junit.runners.BlockJUnit4ClassRunner.runChild(BlockJUnit4ClassRunner.java:57)
	at org.junit.runners.ParentRunner$3.run(ParentRunner.java:290)
	at org.junit.runners.ParentRunner$1.schedule(ParentRunner.java:71)
	at org.junit.runners.ParentRunner.runChildren(ParentRunner.java:288)
	at org.junit.runners.ParentRunner.access$000(ParentRunner.java:58)
	at org.junit.runners.ParentRunner$2.evaluate(ParentRunner.java:268)
	at org.junit.runners.ParentRunner.run(ParentRunner.java:363)
	at org.mockito.internal.runners.JUnit45AndHigherRunnerImpl.run(JUnit45AndHigherRunnerImpl.java:37)
	at org.mockito.runners.MockitoJUnitRunner.run(MockitoJUnitRunner.java:62)
	at org.apache.maven.surefire.junit4.JUnit4Provider.execute(JUnit4Provider.java:252)
	at org.apache.maven.surefire.junit4.JUnit4Provider.executeTestSet(JUnit4Provider.java:141)
	at org.apache.maven.surefire.junit4.JUnit4Provider.invoke(JUnit4Provider.java:112)
	at sun.reflect.NativeMethodAccessorImpl.invoke0(Native Method)
	at sun.reflect.NativeMethodAccessorImpl.invoke(NativeMethodAccessorImpl.java:62)
	at sun.reflect.DelegatingMethodAccessorImpl.invoke(DelegatingMethodAccessorImpl.java:43)
	at java.lang.reflect.Method.invoke(Method.java:497)
	at org.apache.maven.surefire.util.ReflectionUtils.invokeMethodWithArray(ReflectionUtils.java:189)
	at org.apache.maven.surefire.booter.ProviderFactory$ProviderProxy.invoke(ProviderFactory.java:165)
	at org.apache.maven.surefire.booter.ProviderFactory.invokeProvider(ProviderFactory.java:85)
	at org.apache.maven.surefire.booter.ForkedBooter.runSuitesInProcess(ForkedBooter.java:115)
	at org.apache.maven.surefire.booter.ForkedBooter.main(ForkedBooter.java:75)
Caused by: org.jose4j.jwt.consumer.InvalidJwtException: JWT (claims-&gt;{&quot;iss&quot;:&quot;Issuer&quot;,&quot;aud&quot;:&quot;accessToken&quot;,&quot;exp&quot;:1482420447,&quot;jti&quot;:&quot;IVItGVPqzGFPpYxYzUOBVA&quot;,&quot;iat&quot;:1482419847,&quot;nbf&quot;:1482419727,&quot;sub&quot;:&quot;pepe&quot;,&quot;email&quot;:&quot;mail@example.com&quot;,&quot;scopes&quot;:[&quot;administrator&quot;,&quot;provider&quot;],&quot;groups&quot;:[&quot;group-one&quot;,&quot;other-group&quot;,&quot;group-three&quot;]}) rejected due to invalid claims. Additional details: [Audience (aud) claim [accessToken] doesn&apos;t contain an acceptable identifier. Expected Audience as an aud value.]
	at org.jose4j.jwt.consumer.JwtConsumer.validate(JwtConsumer.java:426)
	at org.jose4j.jwt.consumer.JwtConsumer.processContext(JwtConsumer.java:277)
	at org.jose4j.jwt.consumer.JwtConsumer.process(JwtConsumer.java:395)
	at org.jose4j.jwt.consumer.JwtConsumer.processToClaims(JwtConsumer.java:155)
	at uy.gub.dgi.jwt.JWTConsumerImpl.validateJWT(JWTConsumerImpl.java:57)
	... 32 more
</error>
    <system-out>JWT: eyJraWQiOiJrMSIsImFsZyI6IlJTMjU2In0.eyJpc3MiOiJJc3N1ZXIiLCJhdWQiOiJhY2Nlc3NUb2tlbiIsImV4cCI6MTQ4MjQyMDQ0NywianRpIjoiSVZJdEdWUHF6R0ZQcFl4WXpVT0JWQSIsImlhdCI6MTQ4MjQxOTg0NywibmJmIjoxNDgyNDE5NzI3LCJzdWIiOiJwZXBlIiwiZW1haWwiOiJtYWlsQGV4YW1wbGUuY29tIiwic2NvcGVzIjpbImFkbWluaXN0cmF0b3IiLCJwcm92aWRlciJdLCJncm91cHMiOlsiZ3JvdXAtb25lIiwib3RoZXItZ3JvdXAiLCJncm91cC10aHJlZSJdfQ.lrY0jeKFnOfO25YRbOyOgPZ4dOwbFSfwof9hv2e2GifIiJWc_Jv95Mb490-PoEFK0DAe6vskygIaw7cfIXvZIfn0PDF_RRJQdQpnAq4VOq6rJTpIiPggMu2xxAI-zXI3icEd6BVuYRxs_ELVEC9aSqbDVR4Yn8A-cquPiAFaw6lxYoQ6H3H2ytmNy_3kzLzBgzZSH3tEBwRnA_Njy3pE_8fq-_K1C5Cbd8U18-1eBQuEnSIOHdAge_5u25OtdzmV62PRoQogtCzeDBFlA8ZnZoyLXads4FQPCGN77x06dK7c44gv3qNAgKaP15tdOUo5QyFS5hCAYlIqaE8EV3E7qg
</system-out>
  </testcase>
</testsuite>