<?xml version="1.0" encoding="UTF-8" ?>
<testsuite tests="5" failures="0" name="uy.gub.dgi.jwt.JWTConsumerImplTest" time="0.324" errors="2" skipped="0">
  <properties>
    <property name="java.runtime.name" value="Java(TM) SE Runtime Environment"/>
    <property name="sun.boot.library.path" value="C:\Program Files (x86)\Java\jdk1.8.0_66\jre\bin"/>
    <property name="java.vm.version" value="25.66-b17"/>
    <property name="java.vm.vendor" value="Oracle Corporation"/>
    <property name="java.vendor.url" value="http://java.oracle.com/"/>
    <property name="path.separator" value=";"/>
    <property name="guice.disable.misplaced.annotation.check" value="true"/>
    <property name="java.vm.name" value="Java HotSpot(TM) Client VM"/>
    <property name="file.encoding.pkg" value="sun.io"/>
    <property name="user.script" value=""/>
    <property name="user.country" value="ES"/>
    <property name="sun.java.launcher" value="SUN_STANDARD"/>
    <property name="sun.os.patch.level" value=""/>
    <property name="java.vm.specification.name" value="Java Virtual Machine Specification"/>
    <property name="user.dir" value="C:\workspaces\CVS_seguridad_fe\REST_JWT"/>
    <property name="java.runtime.version" value="1.8.0_66-b17"/>
    <property name="java.awt.graphicsenv" value="sun.awt.Win32GraphicsEnvironment"/>
    <property name="java.endorsed.dirs" value="C:\Program Files (x86)\Java\jdk1.8.0_66\jre\lib\endorsed"/>
    <property name="os.arch" value="x86"/>
    <property name="java.io.tmpdir" value="C:\Users\d0178\AppData\Local\Temp\"/>
    <property name="line.separator" value="
"/>
    <property name="java.vm.specification.vendor" value="Oracle Corporation"/>
    <property name="user.variant" value=""/>
    <property name="os.name" value="Windows 10"/>
    <property name="classworlds.conf" value="C:\workspaces\CVS_seguridad_fe\.metadata\.plugins\org.eclipse.m2e.launching\launches\m2conf3122159521558028321.tmp"/>
    <property name="sun.jnu.encoding" value="Cp1252"/>
    <property name="java.library.path" value="C:\Program Files (x86)\Java\jdk1.8.0_66\bin;C:\WINDOWS\Sun\Java\bin;C:\WINDOWS\system32;C:\WINDOWS;C:/Program Files (x86)/Java/jre1.8.0_66/bin/client;C:/Program Files (x86)/Java/jre1.8.0_66/bin;C:/Program Files (x86)/Java/jre1.8.0_66/lib/i386;C:\ProgramData\Oracle\Java\javapath;C:\Python34\;C:\Python34\Scripts;C:\Program Files\Common Files\Microsoft Shared\Windows Live;C:\Program Files (x86)\Common Files\Microsoft Shared\Windows Live;C:\Program Files (x86)\Intel\iCLS Client\;C:\Program Files\Intel\iCLS Client\;C:\WINDOWS\system32;C:\WINDOWS;C:\WINDOWS\System32\Wbem;C:\WINDOWS\System32\WindowsPowerShell\v1.0\;C:\Program Files (x86)\Intel\OpenCL SDK\3.0\bin\x86;C:\Program Files (x86)\Intel\OpenCL SDK\3.0\bin\x64;C:\Program Files\Intel\Intel(R) Management Engine Components\DAL;C:\Program Files\Intel\Intel(R) Management Engine Components\IPT;C:\Program Files (x86)\Intel\Intel(R) Management Engine Components\DAL;C:\Program Files (x86)\Intel\Intel(R) Management Engine Components\IPT;C:\Program Files\Intel\WiFi\bin\;C:\Program Files\Common Files\Intel\WirelessCommon\;C:\SWTOOLS\ReadyApps;C:\Program Files (x86)\Common Files\Lenovo;C:\Program Files (x86)\Windows Live\Shared;C:\PROGRA~1\IBM\SQLLIB\BIN;C:\PROGRA~1\IBM\SQLLIB\FUNCTION;C:\PROGRA~1\IBM\SQLLIB\SAMPLES\REPL;c:\Program Files\Microsoft SQL Server\110\Tools\Binn\;c:\Program Files (x86)\Microsoft SQL Server\110\Tools\Binn\ManagementStudio\;c:\Program Files (x86)\Microsoft SQL Server\110\Tools\Binn\;c:\Program Files (x86)\Microsoft SQL Server\110\DTS\Binn\;C:\Program Files (x86)\sbt\;C:\Go\bin;C:\Users\d0178\Documents\Herramientas\java\apache-maven-3.2.5\bin;C:\Program Files (x86)\Java\jdk1.8.0_66\bin;C:\Users\d0178\AppData\Roaming\npm;C:\Program Files\nodejs;C:\Go\bin;C:\eclipseMars;;."/>
    <property name="java.specification.name" value="Java Platform API Specification"/>
    <property name="java.class.version" value="52.0"/>
    <property name="sun.management.compiler" value="HotSpot Client Compiler"/>
    <property name="os.version" value="10.0"/>
    <property name="user.home" value="C:\Users\d0178"/>
    <property name="user.timezone" value="America/Montevideo"/>
    <property name="java.awt.printerjob" value="sun.awt.windows.WPrinterJob"/>
    <property name="java.specification.version" value="1.8"/>
    <property name="file.encoding" value="Cp1252"/>
    <property name="user.name" value="d0178"/>
    <property name="java.class.path" value="C:\Users\d0178\Documents\Herramientas\maven\apache-maven-3.2.5\boot\plexus-classworlds-2.5.2.jar"/>
    <property name="java.vm.specification.version" value="1.8"/>
    <property name="sun.arch.data.model" value="32"/>
    <property name="java.home" value="C:\Program Files (x86)\Java\jdk1.8.0_66\jre"/>
    <property name="sun.java.command" value="org.codehaus.plexus.classworlds.launcher.Launcher -B install"/>
    <property name="java.specification.vendor" value="Oracle Corporation"/>
    <property name="user.language" value="es"/>
    <property name="awt.toolkit" value="sun.awt.windows.WToolkit"/>
    <property name="java.vm.info" value="mixed mode, sharing"/>
    <property name="java.version" value="1.8.0_66"/>
    <property name="java.ext.dirs" value="C:\Program Files (x86)\Java\jdk1.8.0_66\jre\lib\ext;C:\WINDOWS\Sun\Java\lib\ext"/>
    <property name="sun.boot.class.path" value="C:\Program Files (x86)\Java\jdk1.8.0_66\jre\lib\resources.jar;C:\Program Files (x86)\Java\jdk1.8.0_66\jre\lib\rt.jar;C:\Program Files (x86)\Java\jdk1.8.0_66\jre\lib\sunrsasign.jar;C:\Program Files (x86)\Java\jdk1.8.0_66\jre\lib\jsse.jar;C:\Program Files (x86)\Java\jdk1.8.0_66\jre\lib\jce.jar;C:\Program Files (x86)\Java\jdk1.8.0_66\jre\lib\charsets.jar;C:\Program Files (x86)\Java\jdk1.8.0_66\jre\lib\jfr.jar;C:\Program Files (x86)\Java\jdk1.8.0_66\jre\classes"/>
    <property name="java.vendor" value="Oracle Corporation"/>
    <property name="maven.home" value="C:\Users\d0178\Documents\Herramientas\maven\apache-maven-3.2.5"/>
    <property name="file.separator" value="\"/>
    <property name="java.vendor.url.bug" value="http://bugreport.sun.com/bugreport/"/>
    <property name="sun.cpu.endian" value="little"/>
    <property name="sun.io.unicode.encoding" value="UnicodeLittle"/>
    <property name="sun.desktop" value="windows"/>
    <property name="sun.cpu.isalist" value="pentium_pro+mmx pentium_pro pentium+mmx pentium i486 i386 i86"/>
  </properties>
  <testcase classname="uy.gub.dgi.jwt.JWTConsumerImplTest" name="testValidateToken1" time="0.007"/>
  <testcase classname="uy.gub.dgi.jwt.JWTConsumerImplTest" name="testValidateToken2" time="0"/>
  <testcase classname="uy.gub.dgi.jwt.JWTConsumerImplTest" name="testValidateToken3" time="0"/>
  <testcase classname="uy.gub.dgi.jwt.JWTConsumerImplTest" name="testGenerateRefreshToken" time="0.286">
    <error message="org.jose4j.jwt.consumer.InvalidJwtException: JWT (claims-&gt;{&quot;iss&quot;:&quot;Issuer&quot;,&quot;aud&quot;:&quot;refreshToken&quot;,&quot;exp&quot;:1482420447,&quot;jti&quot;:&quot;5jak-rjbl7Nl1s0glpufjQ&quot;,&quot;iat&quot;:1482419847,&quot;nbf&quot;:1482419727,&quot;sub&quot;:&quot;pepe&quot;,&quot;email&quot;:&quot;mail@example.com&quot;,&quot;scopes&quot;:[&quot;administrator&quot;,&quot;provider&quot;],&quot;groups&quot;:[&quot;group-one&quot;,&quot;other-group&quot;,&quot;group-three&quot;]}) rejected due to invalid claims. Additional details: [Audience (aud) claim [refreshToken] doesn&apos;t contain an acceptable identifier. Expected Audience as an aud value.]" type="uy.gub.dgi.jwt.JWTConsumerException">uy.gub.dgi.jwt.JWTConsumerException: org.jose4j.jwt.consumer.InvalidJwtException: JWT (claims-&gt;{&quot;iss&quot;:&quot;Issuer&quot;,&quot;aud&quot;:&quot;refreshToken&quot;,&quot;exp&quot;:1482420447,&quot;jti&quot;:&quot;5jak-rjbl7Nl1s0glpufjQ&quot;,&quot;iat&quot;:1482419847,&quot;nbf&quot;:1482419727,&quot;sub&quot;:&quot;pepe&quot;,&quot;email&quot;:&quot;mail@example.com&quot;,&quot;scopes&quot;:[&quot;administrator&quot;,&quot;provider&quot;],&quot;groups&quot;:[&quot;group-one&quot;,&quot;other-group&quot;,&quot;group-three&quot;]}) rejected due to invalid claims. Additional details: [Audience (aud) claim [refreshToken] doesn&apos;t contain an acceptable identifier. Expected Audience as an aud value.]
	at uy.gub.dgi.jwt.JWTConsumerImpl.validateJWT(JWTConsumerImpl.java:64)
	at uy.gub.dgi.jwt.JWTConsumerImplTest.testGenerateRefreshToken(JWTConsumerImplTest.java:55)
	at sun.reflect.NativeMethodAccessorImpl.invoke0(Native Method)
	at sun.reflect.NativeMethodAccessorImpl.invoke(NativeMethodAccessorImpl.java:62)
	at sun.reflect.DelegatingMethodAccessorImpl.invoke(DelegatingMethodAccessorImpl.java:43)
	at java.lang.reflect.Method.invoke(Method.java:497)
	at org.junit.runners.model.FrameworkMethod$1.runReflectiveCall(FrameworkMethod.java:50)
	at org.junit.internal.runners.model.ReflectiveCallable.run(ReflectiveCallable.java:12)
	at org.junit.runners.model.FrameworkMethod.invokeExplosively(FrameworkMethod.java:47)
	at org.junit.internal.runners.statements.InvokeMethod.evaluate(InvokeMethod.java:17)
	at org.junit.runners.ParentRunner.runLeaf(ParentRunner.java:325)
	at org.junit.runners.BlockJUnit4ClassRunner.runChild(BlockJUnit4ClassRunner.java:78)
	at org.junit.runners.BlockJUnit4ClassRunner.runChild(BlockJUnit4ClassRunner.java:57)
	at org.junit.runners.ParentRunner$3.run(ParentRunner.java:290)
	at org.junit.runners.ParentRunner$1.schedule(ParentRunner.java:71)
	at org.junit.runners.ParentRunner.runChildren(ParentRunner.java:288)
	at org.junit.runners.ParentRunner.access$000(ParentRunner.java:58)
	at org.junit.runners.ParentRunner$2.evaluate(ParentRunner.java:268)
	at org.junit.runners.ParentRunner.run(ParentRunner.java:363)
	at org.mockito.internal.runners.JUnit45AndHigherRunnerImpl.run(JUnit45AndHigherRunnerImpl.java:37)
	at org.mockito.runners.MockitoJUnitRunner.run(MockitoJUnitRunner.java:62)
	at org.apache.maven.surefire.junit4.JUnit4Provider.execute(JUnit4Provider.java:252)
	at org.apache.maven.surefire.junit4.JUnit4Provider.executeTestSet(JUnit4Provider.java:141)
	at org.apache.maven.surefire.junit4.JUnit4Provider.invoke(JUnit4Provider.java:112)
	at sun.reflect.NativeMethodAccessorImpl.invoke0(Native Method)
	at sun.reflect.NativeMethodAccessorImpl.invoke(NativeMethodAccessorImpl.java:62)
	at sun.reflect.DelegatingMethodAccessorImpl.invoke(DelegatingMethodAccessorImpl.java:43)
	at java.lang.reflect.Method.invoke(Method.java:497)
	at org.apache.maven.surefire.util.ReflectionUtils.invokeMethodWithArray(ReflectionUtils.java:189)
	at org.apache.maven.surefire.booter.ProviderFactory$ProviderProxy.invoke(ProviderFactory.java:165)
	at org.apache.maven.surefire.booter.ProviderFactory.invokeProvider(ProviderFactory.java:85)
	at org.apache.maven.surefire.booter.ForkedBooter.runSuitesInProcess(ForkedBooter.java:115)
	at org.apache.maven.surefire.booter.ForkedBooter.main(ForkedBooter.java:75)
Caused by: org.jose4j.jwt.consumer.InvalidJwtException: JWT (claims-&gt;{&quot;iss&quot;:&quot;Issuer&quot;,&quot;aud&quot;:&quot;refreshToken&quot;,&quot;exp&quot;:1482420447,&quot;jti&quot;:&quot;5jak-rjbl7Nl1s0glpufjQ&quot;,&quot;iat&quot;:1482419847,&quot;nbf&quot;:1482419727,&quot;sub&quot;:&quot;pepe&quot;,&quot;email&quot;:&quot;mail@example.com&quot;,&quot;scopes&quot;:[&quot;administrator&quot;,&quot;provider&quot;],&quot;groups&quot;:[&quot;group-one&quot;,&quot;other-group&quot;,&quot;group-three&quot;]}) rejected due to invalid claims. Additional details: [Audience (aud) claim [refreshToken] doesn&apos;t contain an acceptable identifier. Expected Audience as an aud value.]
	at org.jose4j.jwt.consumer.JwtConsumer.validate(JwtConsumer.java:426)
	at org.jose4j.jwt.consumer.JwtConsumer.processContext(JwtConsumer.java:277)
	at org.jose4j.jwt.consumer.JwtConsumer.process(JwtConsumer.java:395)
	at org.jose4j.jwt.consumer.JwtConsumer.processToClaims(JwtConsumer.java:155)
	at uy.gub.dgi.jwt.JWTConsumerImpl.validateJWT(JWTConsumerImpl.java:57)
	... 32 more
</error>
    <system-out>JWT: eyJraWQiOiJrMSIsImFsZyI6IlJTMjU2In0.eyJpc3MiOiJJc3N1ZXIiLCJhdWQiOiJyZWZyZXNoVG9rZW4iLCJleHAiOjE0ODI0MjA0NDcsImp0aSI6IjVqYWstcmpibDdObDFzMGdscHVmalEiLCJpYXQiOjE0ODI0MTk4NDcsIm5iZiI6MTQ4MjQxOTcyNywic3ViIjoicGVwZSIsImVtYWlsIjoibWFpbEBleGFtcGxlLmNvbSIsInNjb3BlcyI6WyJhZG1pbmlzdHJhdG9yIiwicHJvdmlkZXIiXSwiZ3JvdXBzIjpbImdyb3VwLW9uZSIsIm90aGVyLWdyb3VwIiwiZ3JvdXAtdGhyZWUiXX0.HDsHSr5WeEvASw5CQgO5daMEcaYPMer39jpU0UALoH0qU2Dazodho0Vcj4RRosojIjIY8ugZLpzp34LXKd6DvYLJOJ6ad3atW_pzzK0FMtsICx6D4RPALqxfip01Zm3kFLjIJLeJhnveoBQM54OLk3fjXJibIC78MrIdLDKkFsy63rMeS-TnV-sQjFLIfMZmtvowgumNAI5FS3GZ6_5OK-1Z8mszU3bpu2Nm1OrA7SAPPLAj6Xsta6jBJ0TP0rxir98-8JkfWrwmHeGiMIVeVs0LnGIV9SfKThC2cVl4xLAp4Wgi-VsWt_yykI0l4ziSpBlCeZ8Qhfr43ylciqdp0Q
JWT eyJraWQiOiJrMSIsImFsZyI6IlJTMjU2In0.eyJpc3MiOiJJc3N1ZXIiLCJhdWQiOiJyZWZyZXNoVG9rZW4iLCJleHAiOjE0ODI0MjA0NDcsImp0aSI6IjVqYWstcmpibDdObDFzMGdscHVmalEiLCJpYXQiOjE0ODI0MTk4NDcsIm5iZiI6MTQ4MjQxOTcyNywic3ViIjoicGVwZSIsImVtYWlsIjoibWFpbEBleGFtcGxlLmNvbSIsInNjb3BlcyI6WyJhZG1pbmlzdHJhdG9yIiwicHJvdmlkZXIiXSwiZ3JvdXBzIjpbImdyb3VwLW9uZSIsIm90aGVyLWdyb3VwIiwiZ3JvdXAtdGhyZWUiXX0.HDsHSr5WeEvASw5CQgO5daMEcaYPMer39jpU0UALoH0qU2Dazodho0Vcj4RRosojIjIY8ugZLpzp34LXKd6DvYLJOJ6ad3atW_pzzK0FMtsICx6D4RPALqxfip01Zm3kFLjIJLeJhnveoBQM54OLk3fjXJibIC78MrIdLDKkFsy63rMeS-TnV-sQjFLIfMZmtvowgumNAI5FS3GZ6_5OK-1Z8mszU3bpu2Nm1OrA7SAPPLAj6Xsta6jBJ0TP0rxir98-8JkfWrwmHeGiMIVeVs0LnGIV9SfKThC2cVl4xLAp4Wgi-VsWt_yykI0l4ziSpBlCeZ8Qhfr43ylciqdp0Q
</system-out>
    <system-err>SLF4J: Failed to load class &quot;org.slf4j.impl.StaticLoggerBinder&quot;.
SLF4J: Defaulting to no-operation (NOP) logger implementation
SLF4J: See http://www.slf4j.org/codes.html#StaticLoggerBinder for further details.
</system-err>
  </testcase>
  <testcase classname="uy.gub.dgi.jwt.JWTConsumerImplTest" name="testGenerateAccessToken" time="0.031">
    <error message="org.jose4j.jwt.consumer.InvalidJwtException: JWT (claims-&gt;{&quot;iss&quot;:&quot;Issuer&quot;,&quot;aud&quot;:&quot;accessToken&quot;,&quot;exp&quot;:1482420447,&quot;jti&quot;:&quot;IVItGVPqzGFPpYxYzUOBVA&quot;,&quot;iat&quot;:1482419847,&quot;nbf&quot;:1482419727,&quot;sub&quot;:&quot;pepe&quot;,&quot;email&quot;:&quot;mail@example.com&quot;,&quot;scopes&quot;:[&quot;administrator&quot;,&quot;provider&quot;],&quot;groups&quot;:[&quot;group-one&quot;,&quot;other-group&quot;,&quot;group-three&quot;]}) rejected due to invalid claims. Additional details: [Audience (aud) claim [accessToken] doesn&apos;t contain an acceptable identifier. Expected Audience as an aud value.]" type="uy.gub.dgi.jwt.JWTConsumerException">uy.gub.dgi.jwt.JWTConsumerException: org.jose4j.jwt.consumer.InvalidJwtException: JWT (claims-&gt;{&quot;iss&quot;:&quot;Issuer&quot;,&quot;aud&quot;:&quot;accessToken&quot;,&quot;exp&quot;:1482420447,&quot;jti&quot;:&quot;IVItGVPqzGFPpYxYzUOBVA&quot;,&quot;iat&quot;:1482419847,&quot;nbf&quot;:1482419727,&quot;sub&quot;:&quot;pepe&quot;,&quot;email&quot;:&quot;mail@example.com&quot;,&quot;scopes&quot;:[&quot;administrator&quot;,&quot;provider&quot;],&quot;groups&quot;:[&quot;group-one&quot;,&quot;other-group&quot;,&quot;group-three&quot;]}) rejected due to invalid claims. Additional details: [Audience (aud) claim [accessToken] doesn&apos;t contain an acceptable identifier. Expected Audience as an aud value.]
	at uy.gub.dgi.jwt.JWTConsumerImpl.validateJWT(JWTConsumerImpl.java:64)
	at uy.gub.dgi.jwt.JWTConsumerImplTest.testGenerateAccessToken(JWTConsumerImplTest.java:65)
	at sun.reflect.NativeMethodAccessorImpl.invoke0(Native Method)
	at sun.reflect.NativeMethodAccessorImpl.invoke(NativeMethodAccessorImpl.java:62)
	at sun.reflect.DelegatingMethodAccessorImpl.invoke(DelegatingMethodAccessorImpl.java:43)
	at java.lang.reflect.Method.invoke(Method.java:497)
	at org.junit.runners.model.FrameworkMethod$1.runReflectiveCall(FrameworkMethod.java:50)
	at org.junit.internal.runners.model.ReflectiveCallable.run(ReflectiveCallable.java:12)
	at org.junit.runners.model.FrameworkMethod.invokeExplosively(FrameworkMethod.java:47)
	at org.junit.internal.runners.statements.InvokeMethod.evaluate(InvokeMethod.java:17)
	at org.junit.runners.ParentRunner.runLeaf(ParentRunner.java:325)
	at org.junit.runners.BlockJUnit4ClassRunner.runChild(BlockJUnit4ClassRunner.java:78)
	at org.junit.runners.BlockJUnit4ClassRunner.runChild(BlockJUnit4ClassRunner.java:57)
	at org.junit.runners.ParentRunner$3.run(ParentRunner.java:290)
	at org.junit.runners.ParentRunner$1.schedule(ParentRunner.java:71)
	at org.junit.runners.ParentRunner.runChildren(ParentRunner.java:288)
	at org.junit.runners.ParentRunner.access$000(ParentRunner.java:58)
	at org.junit.runners.ParentRunner$2.evaluate(ParentRunner.java:268)
	at org.junit.runners.ParentRunner.run(ParentRunner.java:363)
	at org.mockito.internal.runners.JUnit45AndHigherRunnerImpl.run(JUnit45AndHigherRunnerImpl.java:37)
	at org.mockito.runners.MockitoJUnitRunner.run(MockitoJUnitRunner.java:62)
	at org.apache.maven.surefire.junit4.JUnit4Provider.execute(JUnit4Provider.java:252)
	at org.apache.maven.surefire.junit4.JUnit4Provider.executeTestSet(JUnit4Provider.java:141)
	at org.apache.maven.surefire.junit4.JUnit4Provider.invoke(JUnit4Provider.java:112)
	at sun.reflect.NativeMethodAccessorImpl.invoke0(Native Method)
	at sun.reflect.NativeMethodAccessorImpl.invoke(NativeMethodAccessorImpl.java:62)
	at sun.reflect.DelegatingMethodAccessorImpl.invoke(DelegatingMethodAccessorImpl.java:43)
	at java.lang.reflect.Method.invoke(Method.java:497)
	at org.apache.maven.surefire.util.ReflectionUtils.invokeMethodWithArray(ReflectionUtils.java:189)
	at org.apache.maven.surefire.booter.ProviderFactory$ProviderProxy.invoke(ProviderFactory.java:165)
	at org.apache.maven.surefire.booter.ProviderFactory.invokeProvider(ProviderFactory.java:85)
	at org.apache.maven.surefire.booter.ForkedBooter.runSuitesInProcess(ForkedBooter.java:115)
	at org.apache.maven.surefire.booter.ForkedBooter.main(ForkedBooter.java:75)
Caused by: org.jose4j.jwt.consumer.InvalidJwtException: JWT (claims-&gt;{&quot;iss&quot;:&quot;Issuer&quot;,&quot;aud&quot;:&quot;accessToken&quot;,&quot;exp&quot;:1482420447,&quot;jti&quot;:&quot;IVItGVPqzGFPpYxYzUOBVA&quot;,&quot;iat&quot;:1482419847,&quot;nbf&quot;:1482419727,&quot;sub&quot;:&quot;pepe&quot;,&quot;email&quot;:&quot;mail@example.com&quot;,&quot;scopes&quot;:[&quot;administrator&quot;,&quot;provider&quot;],&quot;groups&quot;:[&quot;group-one&quot;,&quot;other-group&quot;,&quot;group-three&quot;]}) rejected due to invalid claims. Additional details: [Audience (aud) claim [accessToken] doesn&apos;t contain an acceptable identifier. Expected Audience as an aud value.]
	at org.jose4j.jwt.consumer.JwtConsumer.validate(JwtConsumer.java:426)
	at org.jose4j.jwt.consumer.JwtConsumer.processContext(JwtConsumer.java:277)
	at org.jose4j.jwt.consumer.JwtConsumer.process(JwtConsumer.java:395)
	at org.jose4j.jwt.consumer.JwtConsumer.processToClaims(JwtConsumer.java:155)
	at uy.gub.dgi.jwt.JWTConsumerImpl.validateJWT(JWTConsumerImpl.java:57)
	... 32 more
</error>
    <system-out>JWT: eyJraWQiOiJrMSIsImFsZyI6IlJTMjU2In0.eyJpc3MiOiJJc3N1ZXIiLCJhdWQiOiJhY2Nlc3NUb2tlbiIsImV4cCI6MTQ4MjQyMDQ0NywianRpIjoiSVZJdEdWUHF6R0ZQcFl4WXpVT0JWQSIsImlhdCI6MTQ4MjQxOTg0NywibmJmIjoxNDgyNDE5NzI3LCJzdWIiOiJwZXBlIiwiZW1haWwiOiJtYWlsQGV4YW1wbGUuY29tIiwic2NvcGVzIjpbImFkbWluaXN0cmF0b3IiLCJwcm92aWRlciJdLCJncm91cHMiOlsiZ3JvdXAtb25lIiwib3RoZXItZ3JvdXAiLCJncm91cC10aHJlZSJdfQ.lrY0jeKFnOfO25YRbOyOgPZ4dOwbFSfwof9hv2e2GifIiJWc_Jv95Mb490-PoEFK0DAe6vskygIaw7cfIXvZIfn0PDF_RRJQdQpnAq4VOq6rJTpIiPggMu2xxAI-zXI3icEd6BVuYRxs_ELVEC9aSqbDVR4Yn8A-cquPiAFaw6lxYoQ6H3H2ytmNy_3kzLzBgzZSH3tEBwRnA_Njy3pE_8fq-_K1C5Cbd8U18-1eBQuEnSIOHdAge_5u25OtdzmV62PRoQogtCzeDBFlA8ZnZoyLXads4FQPCGN77x06dK7c44gv3qNAgKaP15tdOUo5QyFS5hCAYlIqaE8EV3E7qg
</system-out>
  </testcase>
</testsuite>